IP Upgrade report for DE10_NANO_SoC_GHRD
Wed Jun 21 15:45:50 2023
Quartus Prime Version 20.1.0 Build 711 06/05/2020 SJ Lite Edition


---------------------
; Table of Contents ;
---------------------
  1. Legal Notice
  2. IP Upgrade Summary
  3. Successfully Upgraded IP Components
  4. Failed Upgrade IP Components
  5. IP Upgrade Messages



----------------
; Legal Notice ;
----------------
Copyright (C) 2020  Intel Corporation. All rights reserved.
Your use of Intel Corporation's design tools, logic functions 
and other software and tools, and any partner logic 
functions, and any output files from any of the foregoing 
(including device programming or simulation files), and any 
associated documentation or information are expressly subject 
to the terms and conditions of the Intel Program License 
Subscription Agreement, the Intel Quartus Prime License Agreement,
the Intel FPGA IP License Agreement, or other applicable license
agreement, including, without limitation, that your use is for
the sole purpose of programming logic devices manufactured by
Intel and sold by Intel or its authorized distributors.  Please
refer to the applicable agreement for further details, at
https://fpgasoftware.intel.com/eula.



+----------------------------------------------------------------------------+
; IP Upgrade Summary                                                         ;
+------------------------------+---------------------------------------------+
; IP Components Upgrade Status ; Passed - Wed Jun 21 15:45:50 2023           ;
; Quartus Prime Version        ; 20.1.0 Build 711 06/05/2020 SJ Lite Edition ;
; Revision Name                ; DE10_NANO_SoC_GHRD                          ;
; Top-level Entity Name        ; DE10_NANO_SoC_GHRD                          ;
; Family                       ; Cyclone V                                   ;
+------------------------------+---------------------------------------------+


+-----------------------------------------------------------------------------------------------------------------------------------------------------------------------+
; Successfully Upgraded IP Components                                                                                                                                   ;
+-------------+------------------------------+---------+----------------------------------+--------------------------------+----------------------------------+---------+
; Entity Name ; Component Name               ; Version ; Original Source File             ; Generation File Path           ; New Source File                  ; Message ;
+-------------+------------------------------+---------+----------------------------------+--------------------------------+----------------------------------+---------+
; hps_reset   ; In-System Sources and Probes ; 16.0    ; ip/altsource_probe/hps_reset.qip ; ip/altsource_probe/hps_reset.v ; ip/altsource_probe/hps_reset.qip ;         ;
+-------------+------------------------------+---------+----------------------------------+--------------------------------+----------------------------------+---------+


+----------------------------------------------------------------------------------------------------------------------------------------------------------------------------------+
; Failed Upgrade IP Components                                                                                                                                                     ;
+-------------+----------------+---------+-------------------------------------+----------------------+-----------------+----------------------------------------------------------+
; Entity Name ; Component Name ; Version ; Original Source File                ; Generation File Path ; New Source File ; Message                                                  ;
+-------------+----------------+---------+-------------------------------------+----------------------+-----------------+----------------------------------------------------------+
; soc_system  ; Qsys           ; 16.0    ; soc_system/synthesis/soc_system.qip ; soc_system.qsys      ;                 ; Error upgrading Platform Designer file "soc_system.qsys" ;
+-------------+----------------+---------+-------------------------------------+----------------------+-----------------+----------------------------------------------------------+


+---------------------+
; IP Upgrade Messages ;
+---------------------+
Info (11902): Backing up file "soc_system.qsys" to "soc_system.BAK.qsys"
Info (11902): Backing up file "soc_system/synthesis/soc_system.v" to "soc_system.BAK.v"
Info (11837): Started upgrading IP component Qsys with file "soc_system.qsys"
Info: 2023.06.21.15:44:22 Info: Starting to upgrade the IP cores in the Platform Designer system
Info: 2023.06.21.15:44:22 Info: Finished upgrading the ip cores
Info: 2023.06.21.15:44:32 Info: Saving generation log to /home/laptel/de10nano-wd/cdrom/Demonstrations/SoC_FPGA/DE10_NANO_SoC_GHRD/soc_system
Info: 2023.06.21.15:44:32 Info: Starting: Create simulation model
Info: 2023.06.21.15:44:32 Info: Loading DE10_NANO_SoC_GHRD
Info: 2023.06.21.15:44:32 Info: Reading input file
Info: 2023.06.21.15:44:32 Info: Adding ILC [interrupt_latency_counter 20.1]
Info: 2023.06.21.15:44:32 Info: Parameterizing module ILC
Info: 2023.06.21.15:44:32 Info: Adding button_pio [altera_avalon_pio 20.1]
Info: 2023.06.21.15:44:32 Info: Parameterizing module button_pio
Info: 2023.06.21.15:44:32 Info: Adding clk_0 [clock_source 20.1]
Info: 2023.06.21.15:44:32 Info: Parameterizing module clk_0
Info: 2023.06.21.15:44:32 Info: Adding dipsw_pio [altera_avalon_pio 20.1]
Info: 2023.06.21.15:44:32 Info: Parameterizing module dipsw_pio
Info: 2023.06.21.15:44:32 Info: Adding f2sdram_only_master [altera_jtag_avalon_master 20.1]
Info: 2023.06.21.15:44:32 Info: Parameterizing module f2sdram_only_master
Info: 2023.06.21.15:44:32 Info: Adding fpga_only_master [altera_jtag_avalon_master 20.1]
Info: 2023.06.21.15:44:32 Info: Parameterizing module fpga_only_master
Info: 2023.06.21.15:44:32 Info: Adding hps_0 [altera_hps 20.1]
Info: 2023.06.21.15:44:32 Info: Parameterizing module hps_0
Info: 2023.06.21.15:44:32 Info: Adding hps_only_master [altera_jtag_avalon_master 20.1]
Info: 2023.06.21.15:44:32 Info: Parameterizing module hps_only_master
Info: 2023.06.21.15:44:32 Info: Adding jtag_uart [altera_avalon_jtag_uart 20.1]
Info: 2023.06.21.15:44:32 Info: Parameterizing module jtag_uart
Info: 2023.06.21.15:44:32 Info: Adding led_pio [altera_avalon_pio 20.1]
Info: 2023.06.21.15:44:32 Info: Parameterizing module led_pio
Info: 2023.06.21.15:44:32 Info: Adding mm_bridge_0 [altera_avalon_mm_bridge 20.1]
Info: 2023.06.21.15:44:32 Info: Parameterizing module mm_bridge_0
Info: 2023.06.21.15:44:32 Info: Adding sysid_qsys [altera_avalon_sysid_qsys 20.1]
Info: 2023.06.21.15:44:32 Info: Parameterizing module sysid_qsys
Info: 2023.06.21.15:44:32 Info: Building connections
Info: 2023.06.21.15:44:32 Info: Parameterizing connections
Info: 2023.06.21.15:44:32 Info: Validating
Info: 2023.06.21.15:44:36 Info: Done reading input file
Info: 2023.06.21.15:44:37 Info: soc_system.button_pio: PIO inputs are not hardwired in test bench. Undefined values will be read from PIO inputs during simulation.
Info: 2023.06.21.15:44:37 Info: soc_system.dipsw_pio: PIO inputs are not hardwired in test bench. Undefined values will be read from PIO inputs during simulation.
Info: 2023.06.21.15:44:37 Info: soc_system.hps_0: HPS Main PLL counter settings: n = 0  m = 63
Info: 2023.06.21.15:44:37 Info: soc_system.hps_0: HPS peripherial PLL counter settings: n = 0  m = 39
Info: 2023.06.21.15:44:37 Info: soc_system.jtag_uart: JTAG UART IP input clock need to be at least double (2x) the operating frequency of JTAG TCK on board
Info: 2023.06.21.15:44:37 Info: soc_system.sysid_qsys: System ID is not assigned automatically. Edit the System ID parameter to provide a unique ID
Info: 2023.06.21.15:44:37 Info: soc_system.sysid_qsys: Time stamp will be automatically updated when this component is generated.
Info: 2023.06.21.15:44:38 Info: soc_system: Generating soc_system "soc_system" for SIM_VERILOG
Info: 2023.06.21.15:44:41 Info: Interconnect is inserted between master hps_0.h2f_lw_axi_master and slave mm_bridge_0.s0 because the master is of type axi and the slave is of type avalon.
Info: 2023.06.21.15:44:42 Info: Interconnect is inserted between master hps_only_master.master and slave hps_0.f2h_axi_slave because the master is of type avalon and the slave is of type axi.
Info: 2023.06.21.15:44:42 Info: Interconnect is inserted between master f2sdram_only_master.master and slave hps_0.f2h_sdram0_data because the master has address signal 32 bit wide, but the slave is 27 bit wide.
Info: 2023.06.21.15:44:42 Info: Interconnect is inserted between master f2sdram_only_master.master and slave hps_0.f2h_sdram0_data because the master has readdata signal 32 bit wide, but the slave is 256 bit wide.
Info: 2023.06.21.15:44:42 Info: Interconnect is inserted between master f2sdram_only_master.master and slave hps_0.f2h_sdram0_data because the master has writedata signal 32 bit wide, but the slave is 256 bit wide.
Info: 2023.06.21.15:44:42 Info: Interconnect is inserted between master f2sdram_only_master.master and slave hps_0.f2h_sdram0_data because the master has byteenable signal 4 bit wide, but the slave is 32 bit wide.
Warning: 2023.06.21.15:44:42 Warning: hps_0.f2h_irq0: Cannot connect clock for irq_mapper_001.sender
Warning: 2023.06.21.15:44:42 Warning: hps_0.f2h_irq0: Cannot connect reset for irq_mapper_001.sender
Warning: 2023.06.21.15:44:42 Warning: hps_0.f2h_irq1: Cannot connect clock for irq_mapper_002.sender
Warning: 2023.06.21.15:44:42 Warning: hps_0.f2h_irq1: Cannot connect reset for irq_mapper_002.sender
Info: 2023.06.21.15:44:44 Info: ILC: "soc_system" instantiated interrupt_latency_counter "ILC"
Info: 2023.06.21.15:44:44 Info: button_pio: Starting RTL generation for module 'soc_system_button_pio'
Info: 2023.06.21.15:44:44 Info: button_pio:   Generation command is [exec /home/laptel/intelFPGA_lite/20.1/quartus/linux64/perl/bin/perl -I /home/laptel/intelFPGA_lite/20.1/quartus/linux64/perl/lib -I /home/laptel/intelFPGA_lite/20.1/quartus/sopc_builder/bin/europa -I /home/laptel/intelFPGA_lite/20.1/quartus/sopc_builder/bin -I /home/laptel/intelFPGA_lite/20.1/quartus/../ip/altera/sopc_builder_ip/common -I /home/laptel/intelFPGA_lite/20.1/quartus/../ip/altera/sopc_builder_ip/altera_avalon_pio -- /home/laptel/intelFPGA_lite/20.1/quartus/../ip/altera/sopc_builder_ip/altera_avalon_pio/generate_rtl.pl --name=soc_system_button_pio --dir=/tmp/alt9529_4202806167876010096.dir/0003_button_pio_gen/ --quartus_dir=/home/laptel/intelFPGA_lite/20.1/quartus --verilog --config=/tmp/alt9529_4202806167876010096.dir/0003_button_pio_gen//soc_system_button_pio_component_configuration.pl  --do_build_sim=1    --sim_dir=/tmp/alt9529_4202806167876010096.dir/0003_button_pio_gen
Info: 2023.06.21.15:44:45 Info: button_pio: perl: warning: Setting locale failed.
Info: 2023.06.21.15:44:45 Info: button_pio: perl: warning: Please check that your locale settings:
Info: 2023.06.21.15:44:45 Info: button_pio:     LANGUAGE = "pt_BR:pt:en",
Info: 2023.06.21.15:44:45 Info: button_pio:     LC_ALL = (unset),
Info: 2023.06.21.15:44:45 Info: button_pio:     LC_CTYPE = "en_US.UTF-8",
Info: 2023.06.21.15:44:45 Info: button_pio:     LANG = "C"
Info: 2023.06.21.15:44:45 Info: button_pio:     are supported and installed on your system.
Info: 2023.06.21.15:44:45 Info: button_pio: perl: warning: Falling back to the standard locale ("C").
Info: 2023.06.21.15:44:45 Info: button_pio: Done RTL generation for module 'soc_system_button_pio'
Info: 2023.06.21.15:44:45 Info: button_pio: "soc_system" instantiated altera_avalon_pio "button_pio"
Info: 2023.06.21.15:44:45 Info: dipsw_pio: Starting RTL generation for module 'soc_system_dipsw_pio'
Info: 2023.06.21.15:44:45 Info: dipsw_pio:   Generation command is [exec /home/laptel/intelFPGA_lite/20.1/quartus/linux64/perl/bin/perl -I /home/laptel/intelFPGA_lite/20.1/quartus/linux64/perl/lib -I /home/laptel/intelFPGA_lite/20.1/quartus/sopc_builder/bin/europa -I /home/laptel/intelFPGA_lite/20.1/quartus/sopc_builder/bin -I /home/laptel/intelFPGA_lite/20.1/quartus/../ip/altera/sopc_builder_ip/common -I /home/laptel/intelFPGA_lite/20.1/quartus/../ip/altera/sopc_builder_ip/altera_avalon_pio -- /home/laptel/intelFPGA_lite/20.1/quartus/../ip/altera/sopc_builder_ip/altera_avalon_pio/generate_rtl.pl --name=soc_system_dipsw_pio --dir=/tmp/alt9529_4202806167876010096.dir/0004_dipsw_pio_gen/ --quartus_dir=/home/laptel/intelFPGA_lite/20.1/quartus --verilog --config=/tmp/alt9529_4202806167876010096.dir/0004_dipsw_pio_gen//soc_system_dipsw_pio_component_configuration.pl  --do_build_sim=1    --sim_dir=/tmp/alt9529_4202806167876010096.dir/0004_dipsw_pio_gen
Info: 2023.06.21.15:44:45 Info: dipsw_pio: perl: warning: Setting locale failed.
Info: 2023.06.21.15:44:45 Info: dipsw_pio: perl: warning: Please check that your locale settings:
Info: 2023.06.21.15:44:45 Info: dipsw_pio:     LANGUAGE = "pt_BR:pt:en",
Info: 2023.06.21.15:44:45 Info: dipsw_pio:     LC_ALL = (unset),
Info: 2023.06.21.15:44:45 Info: dipsw_pio:     LC_CTYPE = "en_US.UTF-8",
Info: 2023.06.21.15:44:45 Info: dipsw_pio:     LANG = "C"
Info: 2023.06.21.15:44:45 Info: dipsw_pio:     are supported and installed on your system.
Info: 2023.06.21.15:44:45 Info: dipsw_pio: perl: warning: Falling back to the standard locale ("C").
Info: 2023.06.21.15:44:45 Info: dipsw_pio: Done RTL generation for module 'soc_system_dipsw_pio'
Info: 2023.06.21.15:44:45 Info: dipsw_pio: "soc_system" instantiated altera_avalon_pio "dipsw_pio"
Info: 2023.06.21.15:44:45 Info: f2sdram_only_master: "soc_system" instantiated altera_jtag_avalon_master "f2sdram_only_master"
Info: 2023.06.21.15:44:45 Info: hps_0: "Running  for module: hps_0"
Info: 2023.06.21.15:44:45 Info: hps_0: HPS Main PLL counter settings: n = 0  m = 63
Info: 2023.06.21.15:44:46 Info: hps_0: HPS peripherial PLL counter settings: n = 0  m = 39
Info: 2023.06.21.15:44:46 Info: hps_0: "soc_system" instantiated altera_hps "hps_0"
Info: 2023.06.21.15:44:46 Info: jtag_uart: Starting RTL generation for module 'soc_system_jtag_uart'
Info: 2023.06.21.15:44:46 Info: jtag_uart:   Generation command is [exec /home/laptel/intelFPGA_lite/20.1/quartus/linux64/perl/bin/perl -I /home/laptel/intelFPGA_lite/20.1/quartus/linux64/perl/lib -I /home/laptel/intelFPGA_lite/20.1/quartus/sopc_builder/bin/europa -I /home/laptel/intelFPGA_lite/20.1/quartus/sopc_builder/bin -I /home/laptel/intelFPGA_lite/20.1/quartus/../ip/altera/sopc_builder_ip/common -I /home/laptel/intelFPGA_lite/20.1/quartus/../ip/altera/sopc_builder_ip/altera_avalon_jtag_uart -- /home/laptel/intelFPGA_lite/20.1/quartus/../ip/altera/sopc_builder_ip/altera_avalon_jtag_uart/generate_rtl.pl --name=soc_system_jtag_uart --dir=/tmp/alt9529_4202806167876010096.dir/0005_jtag_uart_gen/ --quartus_dir=/home/laptel/intelFPGA_lite/20.1/quartus --verilog --config=/tmp/alt9529_4202806167876010096.dir/0005_jtag_uart_gen//soc_system_jtag_uart_component_configuration.pl  --do_build_sim=1    --sim_dir=/tmp/alt9529_4202806167876010096.dir/0005_jtag_uart_gen
Info: 2023.06.21.15:44:47 Info: jtag_uart: perl: warning: Setting locale failed.
Info: 2023.06.21.15:44:47 Info: jtag_uart: perl: warning: Please check that your locale settings:
Info: 2023.06.21.15:44:47 Info: jtag_uart:     LANGUAGE = "pt_BR:pt:en",
Info: 2023.06.21.15:44:47 Info: jtag_uart:     LC_ALL = (unset),
Info: 2023.06.21.15:44:47 Info: jtag_uart:     LC_CTYPE = "en_US.UTF-8",
Info: 2023.06.21.15:44:47 Info: jtag_uart:     LANG = "C"
Info: 2023.06.21.15:44:47 Info: jtag_uart:     are supported and installed on your system.
Info: 2023.06.21.15:44:47 Info: jtag_uart: perl: warning: Falling back to the standard locale ("C").
Info: 2023.06.21.15:44:47 Info: jtag_uart: Done RTL generation for module 'soc_system_jtag_uart'
Info: 2023.06.21.15:44:47 Info: jtag_uart: "soc_system" instantiated altera_avalon_jtag_uart "jtag_uart"
Info: 2023.06.21.15:44:47 Info: led_pio: Starting RTL generation for module 'soc_system_led_pio'
Info: 2023.06.21.15:44:47 Info: led_pio:   Generation command is [exec /home/laptel/intelFPGA_lite/20.1/quartus/linux64/perl/bin/perl -I /home/laptel/intelFPGA_lite/20.1/quartus/linux64/perl/lib -I /home/laptel/intelFPGA_lite/20.1/quartus/sopc_builder/bin/europa -I /home/laptel/intelFPGA_lite/20.1/quartus/sopc_builder/bin -I /home/laptel/intelFPGA_lite/20.1/quartus/../ip/altera/sopc_builder_ip/common -I /home/laptel/intelFPGA_lite/20.1/quartus/../ip/altera/sopc_builder_ip/altera_avalon_pio -- /home/laptel/intelFPGA_lite/20.1/quartus/../ip/altera/sopc_builder_ip/altera_avalon_pio/generate_rtl.pl --name=soc_system_led_pio --dir=/tmp/alt9529_4202806167876010096.dir/0006_led_pio_gen/ --quartus_dir=/home/laptel/intelFPGA_lite/20.1/quartus --verilog --config=/tmp/alt9529_4202806167876010096.dir/0006_led_pio_gen//soc_system_led_pio_component_configuration.pl  --do_build_sim=1    --sim_dir=/tmp/alt9529_4202806167876010096.dir/0006_led_pio_gen
Info: 2023.06.21.15:44:47 Info: led_pio: perl: warning: Setting locale failed.
Info: 2023.06.21.15:44:47 Info: led_pio: perl: warning: Please check that your locale settings:
Info: 2023.06.21.15:44:47 Info: led_pio:     LANGUAGE = "pt_BR:pt:en",
Info: 2023.06.21.15:44:47 Info: led_pio:     LC_ALL = (unset),
Info: 2023.06.21.15:44:47 Info: led_pio:     LC_CTYPE = "en_US.UTF-8",
Info: 2023.06.21.15:44:47 Info: led_pio:     LANG = "C"
Info: 2023.06.21.15:44:47 Info: led_pio:     are supported and installed on your system.
Info: 2023.06.21.15:44:47 Info: led_pio: perl: warning: Falling back to the standard locale ("C").
Info: 2023.06.21.15:44:47 Info: led_pio: Done RTL generation for module 'soc_system_led_pio'
Info: 2023.06.21.15:44:47 Info: led_pio: "soc_system" instantiated altera_avalon_pio "led_pio"
Info: 2023.06.21.15:44:47 Info: mm_bridge_0: "soc_system" instantiated altera_avalon_mm_bridge "mm_bridge_0"
Info: 2023.06.21.15:44:47 Info: sysid_qsys: "soc_system" instantiated altera_avalon_sysid_qsys "sysid_qsys"
Info: 2023.06.21.15:44:47 Info: avalon_st_adapter: Inserting error_adapter: error_adapter_0
Info: 2023.06.21.15:44:47 Info: mm_interconnect_0: "soc_system" instantiated altera_mm_interconnect "mm_interconnect_0"
Info: 2023.06.21.15:44:47 Info: avalon_st_adapter: Inserting error_adapter: error_adapter_0
Info: 2023.06.21.15:44:47 Info: avalon_st_adapter_001: Inserting error_adapter: error_adapter_0
Info: 2023.06.21.15:44:47 Info: avalon_st_adapter_002: Inserting error_adapter: error_adapter_0
Info: 2023.06.21.15:44:47 Info: avalon_st_adapter_003: Inserting error_adapter: error_adapter_0
Info: 2023.06.21.15:44:48 Info: avalon_st_adapter_004: Inserting error_adapter: error_adapter_0
Info: 2023.06.21.15:44:48 Info: avalon_st_adapter_005: Inserting error_adapter: error_adapter_0
Info: 2023.06.21.15:44:48 Info: mm_interconnect_1: "soc_system" instantiated altera_mm_interconnect "mm_interconnect_1"
Info: 2023.06.21.15:44:48 Info: mm_interconnect_2: "soc_system" instantiated altera_mm_interconnect "mm_interconnect_2"
Info: 2023.06.21.15:44:48 Info: avalon_st_adapter: Inserting error_adapter: error_adapter_0
Info: 2023.06.21.15:44:48 Info: mm_interconnect_3: "soc_system" instantiated altera_mm_interconnect "mm_interconnect_3"
Info: 2023.06.21.15:44:48 Info: irq_mapper: "soc_system" instantiated altera_irq_mapper "irq_mapper"
Info: 2023.06.21.15:44:48 Info: irq_mapper_001: "soc_system" instantiated altera_irq_mapper "irq_mapper_001"
Info: 2023.06.21.15:44:48 Info: irq_mapper_002: "soc_system" instantiated altera_irq_mapper "irq_mapper_002"
Info: 2023.06.21.15:44:48 Info: rst_controller: "soc_system" instantiated altera_reset_controller "rst_controller"
Info: 2023.06.21.15:44:48 Info: jtag_phy_embedded_in_jtag_master: "f2sdram_only_master" instantiated altera_jtag_dc_streaming "jtag_phy_embedded_in_jtag_master"
Info: 2023.06.21.15:44:48 Info: timing_adt: "f2sdram_only_master" instantiated timing_adapter "timing_adt"
Info: 2023.06.21.15:44:48 Info: fifo: "f2sdram_only_master" instantiated altera_avalon_sc_fifo "fifo"
Info: 2023.06.21.15:44:48 Info: b2p: "f2sdram_only_master" instantiated altera_avalon_st_bytes_to_packets "b2p"
Info: 2023.06.21.15:44:48 Info: p2b: "f2sdram_only_master" instantiated altera_avalon_st_packets_to_bytes "p2b"
Info: 2023.06.21.15:44:48 Info: transacto: "f2sdram_only_master" instantiated altera_avalon_packets_to_master "transacto"
Info: 2023.06.21.15:44:48 Info: b2p_adapter: "f2sdram_only_master" instantiated channel_adapter "b2p_adapter"
Info: 2023.06.21.15:44:48 Info: p2b_adapter: "f2sdram_only_master" instantiated channel_adapter "p2b_adapter"
Error: 2023.06.21.15:45:08 Error: fpga_interfaces: Error during execution of script generate_hps_sdram.tcl: s0: /home/laptel/intelFPGA_lite/20.1/quartus/bin/uniphy_mcc -ac_code sequencer_mc/ac_rom.s -inst_code sequencer_mc/inst_rom.s -ac_rom ../hps_AC_ROM.hex -inst_rom ../hps_inst_ROM.hex -header sequencer/sequencer_auto.h -vheader ../sequencer_auto_h.sv -ac_rom_init sequencer/sequencer_auto_ac_init.c -inst_rom_init sequencer
Error: 2023.06.21.15:45:08 Error: fpga_interfaces: Error during execution of script generate_hps_sdram.tcl: s0: UniPHY Sequencer Microcode Compiler
Error: 2023.06.21.15:45:08 Error: fpga_interfaces: Error during execution of script generate_hps_sdram.tcl: s0: Copyright (C) 2020  Intel Corporation. All rights reserved.
Error: 2023.06.21.15:45:08 Error: fpga_interfaces: Error during execution of script generate_hps_sdram.tcl: s0: Info: Reading sequencer_mc
Error: 2023.06.21.15:45:08 Error: fpga_interfaces: Error during execution of script generate_hps_sdram.tcl: s0: Info: Reading sequencer_mc
Error: 2023.06.21.15:45:08 Error: fpga_interfaces: Error during execution of script generate_hps_sdram.tcl: s0: Info: Writing ..
Error: 2023.06.21.15:45:08 Error: fpga_interfaces: Error during execution of script generate_hps_sdram.tcl: s0: Info: Writing ..
Error: 2023.06.21.15:45:08 Error: fpga_interfaces: Error during execution of script generate_hps_sdram.tcl: s0: Info: Writing sequencer
Error: 2023.06.21.15:45:08 Error: fpga_interfaces: Error during execution of script generate_hps_sdram.tcl: s0: Info: Writing sequencer
Error: 2023.06.21.15:45:08 Error: fpga_interfaces: Error during execution of script generate_hps_sdram.tcl: s0: Info: Writing sequencer
Error: 2023.06.21.15:45:08 Error: fpga_interfaces: Error during execution of script generate_hps_sdram.tcl: s0: Info: Writing sequencer
Error: 2023.06.21.15:45:08 Error: fpga_interfaces: Error during execution of script generate_hps_sdram.tcl: s0: Info: Writing ..
Error: 2023.06.21.15:45:08 Error: fpga_interfaces: Error during execution of script generate_hps_sdram.tcl: s0: Info: Microcode compilation successful
Error: 2023.06.21.15:45:08 Error: fpga_interfaces: Error during execution of script generate_hps_sdram.tcl: s0: /home/laptel/intelFPGA_lite/20.1/quartus/../nios2eds/sdk2/bin
Error: 2023.06.21.15:45:08 Error: fpga_interfaces: Error during execution of script generate_hps_sdram.tcl: s0: nios2-bsp: Using /home/laptel/intelFPGA_lite/20.1/nios2eds/sdk2/bin
Error: 2023.06.21.15:45:08 Error: fpga_interfaces: Error during execution of script generate_hps_sdram.tcl: s0: nios2-bsp: Updating existing BSP because sequencer_bsp
Error: 2023.06.21.15:45:08 Error: fpga_interfaces: Error during execution of script generate_hps_sdram.tcl: s0: nios2-bsp: Using SOPC design file ..
Error: 2023.06.21.15:45:08 Error: fpga_interfaces: Error during execution of script generate_hps_sdram.tcl: s0: INFO: Updating BSP settings...
Error: 2023.06.21.15:45:08 Error: fpga_interfaces: Error during execution of script generate_hps_sdram.tcl: s0: INFO: nios2-bsp-update-settings --settings sequencer_bsp/settings.bsp --bsp-dir sequencer_bsp --sopc ../hps.sopcinfo --script /home/laptel/intelFPGA_lite/20.1/nios2eds/sdk2/bin
Error: 2023.06.21.15:45:08 Error: fpga_interfaces: Error during execution of script generate_hps_sdram.tcl: s0: INFO: Initializing BSP components...
Error: 2023.06.21.15:45:08 Error: fpga_interfaces: Error during execution of script generate_hps_sdram.tcl: s0: INFO: Finished initializing BSP components. Total time taken = 2 seconds
Error: 2023.06.21.15:45:08 Error: fpga_interfaces: Error during execution of script generate_hps_sdram.tcl: s0: INFO: Searching for BSP components with category: os_software_element
Error: 2023.06.21.15:45:08 Error: fpga_interfaces: Error during execution of script generate_hps_sdram.tcl: s0: INFO: Initializing SOPC project local software IP
Error: 2023.06.21.15:45:08 Error: fpga_interfaces: Error during execution of script generate_hps_sdram.tcl: s0: INFO: [Info] /tmp/alt9529_4379772991985570745.dir/0006_s0_gen
Error: 2023.06.21.15:45:08 Error: fpga_interfaces: Error during execution of script generate_hps_sdram.tcl: s0: INFO: [Info] /tmp/alt9529_4379772991985570745.dir/0006_s0_gen/*
Error: 2023.06.21.15:45:08 Error: fpga_interfaces: Error during execution of script generate_hps_sdram.tcl: s0: INFO: [Info] /tmp/alt9529_4379772991985570745.dir/0006_s0_gen/ip/**
Error: 2023.06.21.15:45:08 Error: fpga_interfaces: Error during execution of script generate_hps_sdram.tcl: s0: INFO: [Info] /tmp/alt9529_4379772991985570745.dir/ip/**
Error: 2023.06.21.15:45:08 Error: fpga_interfaces: Error during execution of script generate_hps_sdram.tcl: s0: INFO: Finished initializing SOPC project local software IP. Total time taken = 2 seconds
Error: 2023.06.21.15:45:08 Error: fpga_interfaces: Error during execution of script generate_hps_sdram.tcl: s0: INFO: Searching for BSP components with category: driver_element
Error: 2023.06.21.15:45:08 Error: fpga_interfaces: Error during execution of script generate_hps_sdram.tcl: s0: INFO: Searching for BSP components with category: software_package_element
Error: 2023.06.21.15:45:08 Error: fpga_interfaces: Error during execution of script generate_hps_sdram.tcl: s0: INFO: Loading drivers from ensemble report.
Error: 2023.06.21.15:45:08 Error: fpga_interfaces: Error during execution of script generate_hps_sdram.tcl: s0: INFO: Finished loading drivers from ensemble report.
Error: 2023.06.21.15:45:08 Error: fpga_interfaces: Error during execution of script generate_hps_sdram.tcl: s0: INFO: Tcl message: "No STDIO character device"
Error: 2023.06.21.15:45:08 Error: fpga_interfaces: Error during execution of script generate_hps_sdram.tcl: s0: INFO: Tcl message: "No system timer device"
Error: 2023.06.21.15:45:08 Error: fpga_interfaces: Error during execution of script generate_hps_sdram.tcl: s0: INFO: Tcl message: "Default linker sections mapped to sequencer_mem"
Error: 2023.06.21.15:45:08 Error: fpga_interfaces: Error during execution of script generate_hps_sdram.tcl: s0: INFO: Default memory regions will not be persisted in BSP Settings File.
Error: 2023.06.21.15:45:08 Error: fpga_interfaces: Error during execution of script generate_hps_sdram.tcl: s0: INFO: BSP settings updated
Error: 2023.06.21.15:45:08 Error: fpga_interfaces: Error during execution of script generate_hps_sdram.tcl: s0: INFO: Generating BSP files...
Error: 2023.06.21.15:45:08 Error: fpga_interfaces: Error during execution of script generate_hps_sdram.tcl: s0: INFO: Default memory regions will not be persisted in BSP Settings File.
Error: 2023.06.21.15:45:08 Error: fpga_interfaces: Error during execution of script generate_hps_sdram.tcl: s0: INFO: Finished generating BSP files. Total time taken = 2 seconds
Error: 2023.06.21.15:45:08 Error: fpga_interfaces: Error during execution of script generate_hps_sdram.tcl: s0: INFO: nios2-app-generate-makefile --bsp-dir sequencer_bsp --app-dir sequencer --elf-name sequencer.elf --set OBJDUMP_INCLUDE_SOURCE 1 --set APP_CFLAGS_DEFINED_SYMBOLS -DSTACK_POINTER=0x17ff0 --set APP_CFLAGS_OPTIMIZATION -Os --param max-inline-insns-single=1000  -fno-partial-inlining -fno-zero-initialized-in-bss --set APP_CFLAGS_WARNINGS -Winline -Wall --src-files sequencer.c sequencer.h tclrpt.c tclrpt.h sequencer_auto_ac_init.c sequencer_auto_inst_init.c
Error: 2023.06.21.15:45:08 Error: fpga_interfaces: Error during execution of script generate_hps_sdram.tcl: s0: INFO: Generating application makefile
Error: 2023.06.21.15:45:08 Error: fpga_interfaces: Error during execution of script generate_hps_sdram.tcl: s0: INFO: Application makefile generated
Error: 2023.06.21.15:45:08 Error: fpga_interfaces: Error during execution of script generate_hps_sdram.tcl: s0: make -C sequencer_bsp clean altera_nios2_qsys_hal_driver_ASM_LIB_SRCS=HAL/src/crt0.S  hal_C_LIB_SRCS=HAL/src/alt_main.c hal_C_LIB_SRCS+=HAL/src/alt_load.c  altera_nios2_qsys_hal_driver_C_LIB_SRCS=HAL/src/altera_nios2_qsys_irq.c altera_nios2_qsys_hal_driver_C_LIB_SRCS+=HAL/src/alt_icache_flush_all.c altera_nios2_qsys_hal_driver_C_LIB_SRCS+=HAL/src
Error: 2023.06.21.15:45:08 Error: fpga_interfaces: Error during execution of script generate_hps_sdram.tcl: s0: make[1]: Entering directory '/tmp/alt9529_4379772991985570745.dir/0006_s0_gen/hps_software
Error: 2023.06.21.15:45:08 Error: fpga_interfaces: Error during execution of script generate_hps_sdram.tcl: s0: [BSP clean complete]
Error: 2023.06.21.15:45:08 Error: fpga_interfaces: Error during execution of script generate_hps_sdram.tcl: s0: make[1]: Leaving directory '/tmp/alt9529_4379772991985570745.dir/0006_s0_gen/hps_software
Error: 2023.06.21.15:45:08 Error: fpga_interfaces: Error during execution of script generate_hps_sdram.tcl: s0: make -C sequencer clean all altera_nios2_qsys_hal_driver_ASM_LIB_SRCS=HAL/src/crt0.S  hal_C_LIB_SRCS=HAL/src/alt_main.c hal_C_LIB_SRCS+=HAL/src/alt_load.c  altera_nios2_qsys_hal_driver_C_LIB_SRCS=HAL/src/altera_nios2_qsys_irq.c altera_nios2_qsys_hal_driver_C_LIB_SRCS+=HAL/src/alt_icache_flush_all.c altera_nios2_qsys_hal_driver_C_LIB_SRCS+=HAL/src
Error: 2023.06.21.15:45:08 Error: fpga_interfaces: Error during execution of script generate_hps_sdram.tcl: s0: make[1]: Entering directory '/tmp/alt9529_4379772991985570745.dir/0006_s0_gen/hps_software
Error: 2023.06.21.15:45:08 Error: fpga_interfaces: Error during execution of script generate_hps_sdram.tcl: s0: [sequencer clean complete]
Error: 2023.06.21.15:45:08 Error: fpga_interfaces: Error during execution of script generate_hps_sdram.tcl: s0: Info: Building ..
Error: 2023.06.21.15:45:08 Error: fpga_interfaces: Error during execution of script generate_hps_sdram.tcl: s0: make --no-print-directory -C ..
Error: 2023.06.21.15:45:08 Error: fpga_interfaces: Error during execution of script generate_hps_sdram.tcl: s0: Compiling alt_dcache_flush_all.c...
Error: 2023.06.21.15:45:08 Error: fpga_interfaces: Error during execution of script generate_hps_sdram.tcl: s0: nios2-elf-gcc -xc -MP -MMD -c  -I./HAL/inc -I. -I./drivers/inc -pipe -D__hal__ -DALT_NO_C_PLUS_PLUS -DALT_NO_CLEAN_EXIT -D'exit(a)=_exit(a)' -DALT_NO_EXIT -DALT_USE_DIRECT_DRIVERS -DALT_NO_INSTRUCTION_EMULATION -DALT_USE_SMALL_DRIVERS -DSMALL_C_LIB -DALT_SINGLE_THREADED    -Os -g -Wall  -mno-hw-div -mno-hw-mul -mno-hw-mulx -mgpopt=global   -o obj/HAL/src/alt_dcache_flush_all.o HAL/src
Error: 2023.06.21.15:45:08 Error: fpga_interfaces: Error during execution of script generate_hps_sdram.tcl: s0: Compiling alt_icache_flush_all.c...
Error: 2023.06.21.15:45:08 Error: fpga_interfaces: Error during execution of script generate_hps_sdram.tcl: s0: nios2-elf-gcc -xc -MP -MMD -c  -I./HAL/inc -I. -I./drivers/inc -pipe -D__hal__ -DALT_NO_C_PLUS_PLUS -DALT_NO_CLEAN_EXIT -D'exit(a)=_exit(a)' -DALT_NO_EXIT -DALT_USE_DIRECT_DRIVERS -DALT_NO_INSTRUCTION_EMULATION -DALT_USE_SMALL_DRIVERS -DSMALL_C_LIB -DALT_SINGLE_THREADED    -Os -g -Wall  -mno-hw-div -mno-hw-mul -mno-hw-mulx -mgpopt=global   -o obj/HAL/src/alt_icache_flush_all.o HAL/src
Error: 2023.06.21.15:45:08 Error: fpga_interfaces: Error during execution of script generate_hps_sdram.tcl: s0: Compiling alt_load.c...
Error: 2023.06.21.15:45:08 Error: fpga_interfaces: Error during execution of script generate_hps_sdram.tcl: s0: nios2-elf-gcc -xc -MP -MMD -c  -I./HAL/inc -I. -I./drivers/inc -pipe -D__hal__ -DALT_NO_C_PLUS_PLUS -DALT_NO_CLEAN_EXIT -D'exit(a)=_exit(a)' -DALT_NO_EXIT -DALT_USE_DIRECT_DRIVERS -DALT_NO_INSTRUCTION_EMULATION -DALT_USE_SMALL_DRIVERS -DSMALL_C_LIB -DALT_SINGLE_THREADED    -Os -g -Wall  -mno-hw-div -mno-hw-mul -mno-hw-mulx -mgpopt=global   -o obj/HAL/src/alt_load.o HAL/src
Error: 2023.06.21.15:45:08 Error: fpga_interfaces: Error during execution of script generate_hps_sdram.tcl: s0: Compiling alt_main.c...
Error: 2023.06.21.15:45:08 Error: fpga_interfaces: Error during execution of script generate_hps_sdram.tcl: s0: nios2-elf-gcc -xc -MP -MMD -c  -I./HAL/inc -I. -I./drivers/inc -pipe -D__hal__ -DALT_NO_C_PLUS_PLUS -DALT_NO_CLEAN_EXIT -D'exit(a)=_exit(a)' -DALT_NO_EXIT -DALT_USE_DIRECT_DRIVERS -DALT_NO_INSTRUCTION_EMULATION -DALT_USE_SMALL_DRIVERS -DSMALL_C_LIB -DALT_SINGLE_THREADED    -Os -g -Wall  -mno-hw-div -mno-hw-mul -mno-hw-mulx -mgpopt=global   -o obj/HAL/src/alt_main.o HAL/src
Error: 2023.06.21.15:45:08 Error: fpga_interfaces: Error during execution of script generate_hps_sdram.tcl: s0: Compiling altera_nios2_qsys_irq.c...
Error: 2023.06.21.15:45:08 Error: fpga_interfaces: Error during execution of script generate_hps_sdram.tcl: s0: nios2-elf-gcc -xc -MP -MMD -c  -I./HAL/inc -I. -I./drivers/inc -pipe -D__hal__ -DALT_NO_C_PLUS_PLUS -DALT_NO_CLEAN_EXIT -D'exit(a)=_exit(a)' -DALT_NO_EXIT -DALT_USE_DIRECT_DRIVERS -DALT_NO_INSTRUCTION_EMULATION -DALT_USE_SMALL_DRIVERS -DSMALL_C_LIB -DALT_SINGLE_THREADED    -Os -g -Wall  -mno-hw-div -mno-hw-mul -mno-hw-mulx -mgpopt=global   -o obj/HAL/src/altera_nios2_qsys_irq.o HAL/src
Error: 2023.06.21.15:45:08 Error: fpga_interfaces: Error during execution of script generate_hps_sdram.tcl: s0: Compiling crt0.S...
Error: 2023.06.21.15:45:08 Error: fpga_interfaces: Error during execution of script generate_hps_sdram.tcl: s0: nios2-elf-gcc -MP -MMD -c   -Os -g -Wall  -mno-hw-div -mno-hw-mul -mno-hw-mulx -mgpopt=global    -I./HAL/inc -I. -I./drivers/inc -pipe -D__hal__ -DALT_NO_C_PLUS_PLUS -DALT_NO_CLEAN_EXIT -D'exit(a)=_exit(a)' -DALT_NO_EXIT -DALT_USE_DIRECT_DRIVERS -DALT_NO_INSTRUCTION_EMULATION -DALT_USE_SMALL_DRIVERS -DSMALL_C_LIB -DALT_SINGLE_THREADED  -Wa,-gdwarf2  -o obj/HAL/src/crt0.o HAL/src
Error: 2023.06.21.15:45:08 Error: fpga_interfaces: Error during execution of script generate_hps_sdram.tcl: s0: Compiling alt_sys_init.c...
Error: 2023.06.21.15:45:08 Error: fpga_interfaces: Error during execution of script generate_hps_sdram.tcl: s0: nios2-elf-gcc -xc -MP -MMD -c  -I./HAL/inc -I. -I./drivers/inc -pipe -D__hal__ -DALT_NO_C_PLUS_PLUS -DALT_NO_CLEAN_EXIT -D'exit(a)=_exit(a)' -DALT_NO_EXIT -DALT_USE_DIRECT_DRIVERS -DALT_NO_INSTRUCTION_EMULATION -DALT_USE_SMALL_DRIVERS -DSMALL_C_LIB -DALT_SINGLE_THREADED    -Os -g -Wall  -mno-hw-div -mno-hw-mul -mno-hw-mulx -mgpopt=global   -o obj
Error: 2023.06.21.15:45:08 Error: fpga_interfaces: Error during execution of script generate_hps_sdram.tcl: s0: Creating libhal_bsp.a...
Error: 2023.06.21.15:45:08 Error: fpga_interfaces: Error during execution of script generate_hps_sdram.tcl: s0: rm -f -f libhal_bsp.a
Error: 2023.06.21.15:45:08 Error: fpga_interfaces: Error during execution of script generate_hps_sdram.tcl: s0: nios2-elf-ar -src libhal_bsp.a obj/HAL/src/alt_dcache_flush_all.o obj/HAL/src/alt_icache_flush_all.o obj/HAL/src/alt_load.o obj/HAL/src/alt_main.o obj/HAL/src/altera_nios2_qsys_irq.o obj/HAL/src/crt0.o obj
Error: 2023.06.21.15:45:08 Error: fpga_interfaces: Error during execution of script generate_hps_sdram.tcl: s0: [BSP build complete]
Error: 2023.06.21.15:45:08 Error: fpga_interfaces: Error during execution of script generate_hps_sdram.tcl: s0: Info: Compiling sequencer.c to obj/default
Error: 2023.06.21.15:45:08 Error: fpga_interfaces: Error during execution of script generate_hps_sdram.tcl: s0: /home/laptel/de10nano-wd/gcc-arm-10.3-2021.07-x86_64-arm-none-linux-gnueabihf/bin/arm-none-linux-gnueabihf-gcc -xc -MP -MMD -c -I../sequencer_bsp/HAL/inc -I../sequencer_bsp -I../sequencer_bsp/drivers/inc -pipe -D__hal__ -DALT_NO_C_PLUS_PLUS -DALT_NO_CLEAN_EXIT -D'exit(a)=_exit(a)' -DALT_NO_EXIT -DALT_USE_DIRECT_DRIVERS -DALT_NO_INSTRUCTION_EMULATION -DALT_USE_SMALL_DRIVERS -DSMALL_C_LIB -DALT_SINGLE_THREADED  -DSTACK_POINTER=0x17ff0  -Os --param max-inline-insns-single=1000  -fno-partial-inlining -fno-zero-initialized-in-bss -g -Winline -Wall  -mno-hw-div -mno-hw-mul -mno-hw-mulx -mgpopt=global  -o obj/default
Error: 2023.06.21.15:45:08 Error: fpga_interfaces: Error during execution of script generate_hps_sdram.tcl: s0: make[1]: Leaving directory '/tmp/alt9529_4379772991985570745.dir/0006_s0_gen/hps_software
Error: 2023.06.21.15:45:08 Error: fpga_interfaces: Error during execution of script generate_hps_sdram.tcl: s0: WARNING: The BSP persisted OS version "9.1" is not available. The default latest BSP version will be used instead.
Error: 2023.06.21.15:45:08 Error: fpga_interfaces: Error during execution of script generate_hps_sdram.tcl: s0: WARNING: The BSP being loaded used OS version "9.1". The BSP version "20.1" will be used instead.
Error: 2023.06.21.15:45:08 Error: fpga_interfaces: Error during execution of script generate_hps_sdram.tcl: s0: arm-none-linux-gnueabihf-gcc: error: unrecognized command-line option '-mno-hw-div'
Error: 2023.06.21.15:45:08 Error: fpga_interfaces: Error during execution of script generate_hps_sdram.tcl: s0: arm-none-linux-gnueabihf-gcc: error: unrecognized command-line option '-mno-hw-mul'
Error: 2023.06.21.15:45:08 Error: fpga_interfaces: Error during execution of script generate_hps_sdram.tcl: s0: arm-none-linux-gnueabihf-gcc: error: unrecognized command-line option '-mno-hw-mulx'
Error: 2023.06.21.15:45:08 Error: fpga_interfaces: Error during execution of script generate_hps_sdram.tcl: s0: arm-none-linux-gnueabihf-gcc: error: unrecognized command-line option '-mgpopt=global'
Error: 2023.06.21.15:45:08 Error: fpga_interfaces: Error during execution of script generate_hps_sdram.tcl: s0: make[1]: *** [Makefile:727: obj/default
Error: 2023.06.21.15:45:08 Error: fpga_interfaces: Error during execution of script generate_hps_sdram.tcl: s0: make: *** [Makefile:13: elf] Error 2
Error: 2023.06.21.15:45:08 Error: fpga_interfaces: Error during execution of script generate_hps_sdram.tcl: s0: add_fileset_file: No such file /tmp/alt9529_4379772991985570745.dir/0006_s0_gen
Error: 2023.06.21.15:45:08 Error: fpga_interfaces: Error during execution of script generate_hps_sdram.tcl: Generation stopped, 10 or more modules remaining
Error: 2023.06.21.15:45:08 Error: fpga_interfaces: Execution of script generate_hps_sdram.tcl failed
Error: 2023.06.21.15:45:08 Error: fpga_interfaces: 2023.06.21.15:44:49 Info:
Error: 2023.06.21.15:45:08 Error: fpga_interfaces: ********************************************************************************************************************
Error: 2023.06.21.15:45:08 Error: fpga_interfaces:
Error: 2023.06.21.15:45:08 Error: fpga_interfaces: Use qsys-generate for a simpler command-line interface for generating IP.
Error: 2023.06.21.15:45:08 Error: fpga_interfaces:
Error: 2023.06.21.15:45:08 Error: fpga_interfaces: Run ip-generate with switch --remove-qsys-generate-warning to prevent this notice from appearing in subsequent runs.
Error: 2023.06.21.15:45:08 Error: fpga_interfaces:
Error: 2023.06.21.15:45:08 Error: fpga_interfaces: ********************************************************************************************************************
Warning: 2023.06.21.15:45:08 Error: fpga_interfaces: 2023.06.21.15:44:51 Warning: Ignored parameter assignment device=5CSEBA6U23I7
Warning: 2023.06.21.15:45:08 Error: fpga_interfaces: 2023.06.21.15:44:51 Warning: Ignored parameter assignment extended_family_support=true
Warning: 2023.06.21.15:45:08 Error: fpga_interfaces: 2023.06.21.15:44:55 Warning: hps_sdram: 'Quick' simulation modes are NOT timing accurate. Some simulation memory models may issue warnings or errors
Error: 2023.06.21.15:45:08 Error: fpga_interfaces: 2023.06.21.15:44:55 Info: hps_sdram.pll_ref_clk: Elaborate: altera_clock_source
Error: 2023.06.21.15:45:08 Error: fpga_interfaces: 2023.06.21.15:44:55 Info: hps_sdram.pll_ref_clk:            $Revision: #1 $
Error: 2023.06.21.15:45:08 Error: fpga_interfaces: 2023.06.21.15:44:55 Info: hps_sdram.pll_ref_clk:            $Date: 2019/10
Error: 2023.06.21.15:45:08 Error: fpga_interfaces: 2023.06.21.15:44:55 Info: hps_sdram.global_reset: Elaborate: altera_reset_source
Error: 2023.06.21.15:45:08 Error: fpga_interfaces: 2023.06.21.15:44:55 Info: hps_sdram.global_reset:            $Revision: #1 $
Error: 2023.06.21.15:45:08 Error: fpga_interfaces: 2023.06.21.15:44:55 Info: hps_sdram.global_reset:            $Date: 2019/10
Error: 2023.06.21.15:45:08 Error: fpga_interfaces: 2023.06.21.15:44:55 Info: hps_sdram.global_reset: Reset is negatively asserted.
Warning: 2023.06.21.15:45:08 Error: fpga_interfaces: 2023.06.21.15:44:55 Warning: hps_sdram.p0: p0.oct_sharing must be exported, or connected to a matching conduit.
Warning: 2023.06.21.15:45:08 Error: fpga_interfaces: 2023.06.21.15:44:55 Warning: hps_sdram.p0: p0.io_int must be exported, or connected to a matching conduit.
Warning: 2023.06.21.15:45:08 Error: fpga_interfaces: 2023.06.21.15:44:55 Warning: hps_sdram.sequencer_mem: sequencer_mem.clken1 must be exported, or connected to a matching conduit.
Warning: 2023.06.21.15:45:08 Error: fpga_interfaces: 2023.06.21.15:44:55 Warning: hps_sdram.oct: oct.oct must be exported, or connected to a matching conduit.
Warning: 2023.06.21.15:45:08 Error: fpga_interfaces: 2023.06.21.15:44:55 Warning: hps_sdram.oct: oct.oct_sharing must be exported, or connected to a matching conduit.
Error: 2023.06.21.15:45:08 Error: fpga_interfaces: 2023.06.21.15:44:55 Info: hps_sdram: Generating altera_mem_if_hps_emif "hps_sdram" for SIM_VERILOG
Error: 2023.06.21.15:45:08 Error: fpga_interfaces: 2023.06.21.15:44:56 Info: Interconnect is inserted between master s0.mmr_avl and slave c0.csr because the master has burstcount signal 1 bit wide, but the slave is 0 bit wide.
Error: 2023.06.21.15:45:08 Error: fpga_interfaces: 2023.06.21.15:44:57 Info: pll_ref_clk: "hps_sdram" instantiated altera_avalon_clock_source "pll_ref_clk"
Error: 2023.06.21.15:45:08 Error: fpga_interfaces: 2023.06.21.15:44:57 Info: global_reset: "hps_sdram" instantiated altera_avalon_reset_source "global_reset"
Error: 2023.06.21.15:45:08 Error: fpga_interfaces: 2023.06.21.15:44:57 Info: Reusing file /tmp/alt9529_4202806167876010096.dir/0021_fpga_interfaces_gen/submodules
Error: 2023.06.21.15:45:08 Error: fpga_interfaces: 2023.06.21.15:44:57 Info: pll: "hps_sdram" instantiated altera_mem_if_hps_pll "pll"
Error: 2023.06.21.15:45:08 Error: fpga_interfaces: 2023.06.21.15:44:57 Info: p0: Generating clock pair generator
Error: 2023.06.21.15:45:08 Error: fpga_interfaces: 2023.06.21.15:44:59 Info: p0: Generating hps_sdram_p0_altdqdqs
Error: 2023.06.21.15:45:08 Error: fpga_interfaces: 2023.06.21.15:45:02 Info: p0: "hps_sdram" instantiated altera_mem_if_ddr3_hard_phy_core "p0"
Error: 2023.06.21.15:45:08 Error: fpga_interfaces: 2023.06.21.15:45:08 Error: s0: /home/laptel/intelFPGA_lite/20.1/quartus/bin/uniphy_mcc -ac_code sequencer_mc/ac_rom.s -inst_code sequencer_mc/inst_rom.s -ac_rom ../hps_AC_ROM.hex -inst_rom ../hps_inst_ROM.hex -header sequencer/sequencer_auto.h -vheader ../sequencer_auto_h.sv -ac_rom_init sequencer/sequencer_auto_ac_init.c -inst_rom_init sequencer
Error: 2023.06.21.15:45:08 Error: fpga_interfaces: 2023.06.21.15:45:08 Error: s0: UniPHY Sequencer Microcode Compiler
Error: 2023.06.21.15:45:08 Error: fpga_interfaces: 2023.06.21.15:45:08 Error: s0: Copyright (C) 2020  Intel Corporation. All rights reserved.
Error: 2023.06.21.15:45:08 Error: fpga_interfaces: 2023.06.21.15:45:08 Error: s0: Info: Reading sequencer_mc
Error: 2023.06.21.15:45:08 Error: fpga_interfaces: 2023.06.21.15:45:08 Error: s0: Info: Reading sequencer_mc
Error: 2023.06.21.15:45:08 Error: fpga_interfaces: 2023.06.21.15:45:08 Error: s0: Info: Writing ..
Error: 2023.06.21.15:45:08 Error: fpga_interfaces: 2023.06.21.15:45:08 Error: s0: Info: Writing ..
Error: 2023.06.21.15:45:08 Error: fpga_interfaces: 2023.06.21.15:45:08 Error: s0: Info: Writing sequencer
Error: 2023.06.21.15:45:08 Error: fpga_interfaces: 2023.06.21.15:45:08 Error: s0: Info: Writing sequencer
Error: 2023.06.21.15:45:08 Error: fpga_interfaces: 2023.06.21.15:45:08 Error: s0: Info: Writing sequencer
Error: 2023.06.21.15:45:08 Error: fpga_interfaces: 2023.06.21.15:45:08 Error: s0: Info: Writing sequencer
Error: 2023.06.21.15:45:08 Error: fpga_interfaces: 2023.06.21.15:45:08 Error: s0: Info: Writing ..
Error: 2023.06.21.15:45:08 Error: fpga_interfaces: 2023.06.21.15:45:08 Error: s0: Info: Microcode compilation successful
Error: 2023.06.21.15:45:08 Error: fpga_interfaces: 2023.06.21.15:45:08 Error: s0: /home/laptel/intelFPGA_lite/20.1/quartus/../nios2eds/sdk2/bin
Error: 2023.06.21.15:45:08 Error: fpga_interfaces: 2023.06.21.15:45:08 Error: s0: nios2-bsp: Using /home/laptel/intelFPGA_lite/20.1/nios2eds/sdk2/bin
Error: 2023.06.21.15:45:08 Error: fpga_interfaces: 2023.06.21.15:45:08 Error: s0: nios2-bsp: Updating existing BSP because sequencer_bsp
Error: 2023.06.21.15:45:08 Error: fpga_interfaces: 2023.06.21.15:45:08 Error: s0: nios2-bsp: Using SOPC design file ..
Error: 2023.06.21.15:45:08 Error: fpga_interfaces: 2023.06.21.15:45:08 Error: s0: INFO: Updating BSP settings...
Error: 2023.06.21.15:45:08 Error: fpga_interfaces: 2023.06.21.15:45:08 Error: s0: INFO: nios2-bsp-update-settings --settings sequencer_bsp/settings.bsp --bsp-dir sequencer_bsp --sopc ../hps.sopcinfo --script /home/laptel/intelFPGA_lite/20.1/nios2eds/sdk2/bin
Error: 2023.06.21.15:45:08 Error: fpga_interfaces: 2023.06.21.15:45:08 Error: s0: INFO: Initializing BSP components...
Error: 2023.06.21.15:45:08 Error: fpga_interfaces: 2023.06.21.15:45:08 Error: s0: INFO: Finished initializing BSP components. Total time taken = 2 seconds
Error: 2023.06.21.15:45:08 Error: fpga_interfaces: 2023.06.21.15:45:08 Error: s0: INFO: Searching for BSP components with category: os_software_element
Error: 2023.06.21.15:45:08 Error: fpga_interfaces: 2023.06.21.15:45:08 Error: s0: INFO: Initializing SOPC project local software IP
Error: 2023.06.21.15:45:08 Error: fpga_interfaces: 2023.06.21.15:45:08 Error: s0: INFO: [Info] /tmp/alt9529_4379772991985570745.dir/0006_s0_gen
Error: 2023.06.21.15:45:08 Error: fpga_interfaces: 2023.06.21.15:45:08 Error: s0: INFO: [Info] /tmp/alt9529_4379772991985570745.dir/0006_s0_gen/*
Error: 2023.06.21.15:45:08 Error: fpga_interfaces: 2023.06.21.15:45:08 Error: s0: INFO: [Info] /tmp/alt9529_4379772991985570745.dir/0006_s0_gen/ip/**
Error: 2023.06.21.15:45:08 Error: fpga_interfaces: 2023.06.21.15:45:08 Error: s0: INFO: [Info] /tmp/alt9529_4379772991985570745.dir/ip/**
Error: 2023.06.21.15:45:08 Error: fpga_interfaces: 2023.06.21.15:45:08 Error: s0: INFO: Finished initializing SOPC project local software IP. Total time taken = 2 seconds
Error: 2023.06.21.15:45:08 Error: fpga_interfaces: 2023.06.21.15:45:08 Error: s0: INFO: Searching for BSP components with category: driver_element
Error: 2023.06.21.15:45:08 Error: fpga_interfaces: 2023.06.21.15:45:08 Error: s0: INFO: Searching for BSP components with category: software_package_element
Error: 2023.06.21.15:45:08 Error: fpga_interfaces: 2023.06.21.15:45:08 Error: s0: INFO: Loading drivers from ensemble report.
Error: 2023.06.21.15:45:08 Error: fpga_interfaces: 2023.06.21.15:45:08 Error: s0: INFO: Finished loading drivers from ensemble report.
Error: 2023.06.21.15:45:08 Error: fpga_interfaces: 2023.06.21.15:45:08 Error: s0: INFO: Tcl message: "No STDIO character device"
Error: 2023.06.21.15:45:08 Error: fpga_interfaces: 2023.06.21.15:45:08 Error: s0: INFO: Tcl message: "No system timer device"
Error: 2023.06.21.15:45:08 Error: fpga_interfaces: 2023.06.21.15:45:08 Error: s0: INFO: Tcl message: "Default linker sections mapped to sequencer_mem"
Error: 2023.06.21.15:45:08 Error: fpga_interfaces: 2023.06.21.15:45:08 Error: s0: INFO: Default memory regions will not be persisted in BSP Settings File.
Error: 2023.06.21.15:45:08 Error: fpga_interfaces: 2023.06.21.15:45:08 Error: s0: INFO: BSP settings updated
Error: 2023.06.21.15:45:08 Error: fpga_interfaces: 2023.06.21.15:45:08 Error: s0: INFO: Generating BSP files...
Error: 2023.06.21.15:45:08 Error: fpga_interfaces: 2023.06.21.15:45:08 Error: s0: INFO: Default memory regions will not be persisted in BSP Settings File.
Error: 2023.06.21.15:45:08 Error: fpga_interfaces: 2023.06.21.15:45:08 Error: s0: INFO: Finished generating BSP files. Total time taken = 2 seconds
Error: 2023.06.21.15:45:08 Error: fpga_interfaces: 2023.06.21.15:45:08 Error: s0: INFO: nios2-app-generate-makefile --bsp-dir sequencer_bsp --app-dir sequencer --elf-name sequencer.elf --set OBJDUMP_INCLUDE_SOURCE 1 --set APP_CFLAGS_DEFINED_SYMBOLS -DSTACK_POINTER=0x17ff0 --set APP_CFLAGS_OPTIMIZATION -Os --param max-inline-insns-single=1000  -fno-partial-inlining -fno-zero-initialized-in-bss --set APP_CFLAGS_WARNINGS -Winline -Wall --src-files sequencer.c sequencer.h tclrpt.c tclrpt.h sequencer_auto_ac_init.c sequencer_auto_inst_init.c
Error: 2023.06.21.15:45:08 Error: fpga_interfaces: 2023.06.21.15:45:08 Error: s0: INFO: Generating application makefile
Error: 2023.06.21.15:45:08 Error: fpga_interfaces: 2023.06.21.15:45:08 Error: s0: INFO: Application makefile generated
Error: 2023.06.21.15:45:08 Error: fpga_interfaces: 2023.06.21.15:45:08 Error: s0: make -C sequencer_bsp clean altera_nios2_qsys_hal_driver_ASM_LIB_SRCS=HAL/src/crt0.S  hal_C_LIB_SRCS=HAL/src/alt_main.c hal_C_LIB_SRCS+=HAL/src/alt_load.c  altera_nios2_qsys_hal_driver_C_LIB_SRCS=HAL/src/altera_nios2_qsys_irq.c altera_nios2_qsys_hal_driver_C_LIB_SRCS+=HAL/src/alt_icache_flush_all.c altera_nios2_qsys_hal_driver_C_LIB_SRCS+=HAL/src
Error: 2023.06.21.15:45:08 Error: fpga_interfaces: 2023.06.21.15:45:08 Error: s0: make[1]: Entering directory '/tmp/alt9529_4379772991985570745.dir/0006_s0_gen/hps_software
Error: 2023.06.21.15:45:08 Error: fpga_interfaces: 2023.06.21.15:45:08 Error: s0: [BSP clean complete]
Error: 2023.06.21.15:45:08 Error: fpga_interfaces: 2023.06.21.15:45:08 Error: s0: make[1]: Leaving directory '/tmp/alt9529_4379772991985570745.dir/0006_s0_gen/hps_software
Error: 2023.06.21.15:45:08 Error: fpga_interfaces: 2023.06.21.15:45:08 Error: s0: make -C sequencer clean all altera_nios2_qsys_hal_driver_ASM_LIB_SRCS=HAL/src/crt0.S  hal_C_LIB_SRCS=HAL/src/alt_main.c hal_C_LIB_SRCS+=HAL/src/alt_load.c  altera_nios2_qsys_hal_driver_C_LIB_SRCS=HAL/src/altera_nios2_qsys_irq.c altera_nios2_qsys_hal_driver_C_LIB_SRCS+=HAL/src/alt_icache_flush_all.c altera_nios2_qsys_hal_driver_C_LIB_SRCS+=HAL/src
Error: 2023.06.21.15:45:08 Error: fpga_interfaces: 2023.06.21.15:45:08 Error: s0: make[1]: Entering directory '/tmp/alt9529_4379772991985570745.dir/0006_s0_gen/hps_software
Error: 2023.06.21.15:45:08 Error: fpga_interfaces: 2023.06.21.15:45:08 Error: s0: [sequencer clean complete]
Error: 2023.06.21.15:45:08 Error: fpga_interfaces: 2023.06.21.15:45:08 Error: s0: Info: Building ..
Error: 2023.06.21.15:45:08 Error: fpga_interfaces: 2023.06.21.15:45:08 Error: s0: make --no-print-directory -C ..
Error: 2023.06.21.15:45:08 Error: fpga_interfaces: 2023.06.21.15:45:08 Error: s0: Compiling alt_dcache_flush_all.c...
Error: 2023.06.21.15:45:08 Error: fpga_interfaces: 2023.06.21.15:45:08 Error: s0: nios2-elf-gcc -xc -MP -MMD -c  -I./HAL/inc -I. -I./drivers/inc -pipe -D__hal__ -DALT_NO_C_PLUS_PLUS -DALT_NO_CLEAN_EXIT -D'exit(a)=_exit(a)' -DALT_NO_EXIT -DALT_USE_DIRECT_DRIVERS -DALT_NO_INSTRUCTION_EMULATION -DALT_USE_SMALL_DRIVERS -DSMALL_C_LIB -DALT_SINGLE_THREADED    -Os -g -Wall  -mno-hw-div -mno-hw-mul -mno-hw-mulx -mgpopt=global   -o obj/HAL/src/alt_dcache_flush_all.o HAL/src
Error: 2023.06.21.15:45:08 Error: fpga_interfaces: 2023.06.21.15:45:08 Error: s0: Compiling alt_icache_flush_all.c...
Error: 2023.06.21.15:45:08 Error: fpga_interfaces: 2023.06.21.15:45:08 Error: s0: nios2-elf-gcc -xc -MP -MMD -c  -I./HAL/inc -I. -I./drivers/inc -pipe -D__hal__ -DALT_NO_C_PLUS_PLUS -DALT_NO_CLEAN_EXIT -D'exit(a)=_exit(a)' -DALT_NO_EXIT -DALT_USE_DIRECT_DRIVERS -DALT_NO_INSTRUCTION_EMULATION -DALT_USE_SMALL_DRIVERS -DSMALL_C_LIB -DALT_SINGLE_THREADED    -Os -g -Wall  -mno-hw-div -mno-hw-mul -mno-hw-mulx -mgpopt=global   -o obj/HAL/src/alt_icache_flush_all.o HAL/src
Error: 2023.06.21.15:45:08 Error: fpga_interfaces: 2023.06.21.15:45:08 Error: s0: Compiling alt_load.c...
Error: 2023.06.21.15:45:08 Error: fpga_interfaces: 2023.06.21.15:45:08 Error: s0: nios2-elf-gcc -xc -MP -MMD -c  -I./HAL/inc -I. -I./drivers/inc -pipe -D__hal__ -DALT_NO_C_PLUS_PLUS -DALT_NO_CLEAN_EXIT -D'exit(a)=_exit(a)' -DALT_NO_EXIT -DALT_USE_DIRECT_DRIVERS -DALT_NO_INSTRUCTION_EMULATION -DALT_USE_SMALL_DRIVERS -DSMALL_C_LIB -DALT_SINGLE_THREADED    -Os -g -Wall  -mno-hw-div -mno-hw-mul -mno-hw-mulx -mgpopt=global   -o obj/HAL/src/alt_load.o HAL/src
Error: 2023.06.21.15:45:08 Error: fpga_interfaces: 2023.06.21.15:45:08 Error: s0: Compiling alt_main.c...
Error: 2023.06.21.15:45:08 Error: fpga_interfaces: 2023.06.21.15:45:08 Error: s0: nios2-elf-gcc -xc -MP -MMD -c  -I./HAL/inc -I. -I./drivers/inc -pipe -D__hal__ -DALT_NO_C_PLUS_PLUS -DALT_NO_CLEAN_EXIT -D'exit(a)=_exit(a)' -DALT_NO_EXIT -DALT_USE_DIRECT_DRIVERS -DALT_NO_INSTRUCTION_EMULATION -DALT_USE_SMALL_DRIVERS -DSMALL_C_LIB -DALT_SINGLE_THREADED    -Os -g -Wall  -mno-hw-div -mno-hw-mul -mno-hw-mulx -mgpopt=global   -o obj/HAL/src/alt_main.o HAL/src
Error: 2023.06.21.15:45:08 Error: fpga_interfaces: 2023.06.21.15:45:08 Error: s0: Compiling altera_nios2_qsys_irq.c...
Error: 2023.06.21.15:45:08 Error: fpga_interfaces: 2023.06.21.15:45:08 Error: s0: nios2-elf-gcc -xc -MP -MMD -c  -I./HAL/inc -I. -I./drivers/inc -pipe -D__hal__ -DALT_NO_C_PLUS_PLUS -DALT_NO_CLEAN_EXIT -D'exit(a)=_exit(a)' -DALT_NO_EXIT -DALT_USE_DIRECT_DRIVERS -DALT_NO_INSTRUCTION_EMULATION -DALT_USE_SMALL_DRIVERS -DSMALL_C_LIB -DALT_SINGLE_THREADED    -Os -g -Wall  -mno-hw-div -mno-hw-mul -mno-hw-mulx -mgpopt=global   -o obj/HAL/src/altera_nios2_qsys_irq.o HAL/src
Error: 2023.06.21.15:45:08 Error: fpga_interfaces: 2023.06.21.15:45:08 Error: s0: Compiling crt0.S...
Error: 2023.06.21.15:45:08 Error: fpga_interfaces: 2023.06.21.15:45:08 Error: s0: nios2-elf-gcc -MP -MMD -c   -Os -g -Wall  -mno-hw-div -mno-hw-mul -mno-hw-mulx -mgpopt=global    -I./HAL/inc -I. -I./drivers/inc -pipe -D__hal__ -DALT_NO_C_PLUS_PLUS -DALT_NO_CLEAN_EXIT -D'exit(a)=_exit(a)' -DALT_NO_EXIT -DALT_USE_DIRECT_DRIVERS -DALT_NO_INSTRUCTION_EMULATION -DALT_USE_SMALL_DRIVERS -DSMALL_C_LIB -DALT_SINGLE_THREADED  -Wa,-gdwarf2  -o obj/HAL/src/crt0.o HAL/src
Error: 2023.06.21.15:45:08 Error: fpga_interfaces: 2023.06.21.15:45:08 Error: s0: Compiling alt_sys_init.c...
Error: 2023.06.21.15:45:08 Error: fpga_interfaces: 2023.06.21.15:45:08 Error: s0: nios2-elf-gcc -xc -MP -MMD -c  -I./HAL/inc -I. -I./drivers/inc -pipe -D__hal__ -DALT_NO_C_PLUS_PLUS -DALT_NO_CLEAN_EXIT -D'exit(a)=_exit(a)' -DALT_NO_EXIT -DALT_USE_DIRECT_DRIVERS -DALT_NO_INSTRUCTION_EMULATION -DALT_USE_SMALL_DRIVERS -DSMALL_C_LIB -DALT_SINGLE_THREADED    -Os -g -Wall  -mno-hw-div -mno-hw-mul -mno-hw-mulx -mgpopt=global   -o obj
Error: 2023.06.21.15:45:08 Error: fpga_interfaces: 2023.06.21.15:45:08 Error: s0: Creating libhal_bsp.a...
Error: 2023.06.21.15:45:08 Error: fpga_interfaces: 2023.06.21.15:45:08 Error: s0: rm -f -f libhal_bsp.a
Error: 2023.06.21.15:45:08 Error: fpga_interfaces: 2023.06.21.15:45:08 Error: s0: nios2-elf-ar -src libhal_bsp.a obj/HAL/src/alt_dcache_flush_all.o obj/HAL/src/alt_icache_flush_all.o obj/HAL/src/alt_load.o obj/HAL/src/alt_main.o obj/HAL/src/altera_nios2_qsys_irq.o obj/HAL/src/crt0.o obj
Error: 2023.06.21.15:45:08 Error: fpga_interfaces: 2023.06.21.15:45:08 Error: s0: [BSP build complete]
Error: 2023.06.21.15:45:08 Error: fpga_interfaces: 2023.06.21.15:45:08 Error: s0: Info: Compiling sequencer.c to obj/default
Error: 2023.06.21.15:45:08 Error: fpga_interfaces: 2023.06.21.15:45:08 Error: s0: /home/laptel/de10nano-wd/gcc-arm-10.3-2021.07-x86_64-arm-none-linux-gnueabihf/bin/arm-none-linux-gnueabihf-gcc -xc -MP -MMD -c -I../sequencer_bsp/HAL/inc -I../sequencer_bsp -I../sequencer_bsp/drivers/inc -pipe -D__hal__ -DALT_NO_C_PLUS_PLUS -DALT_NO_CLEAN_EXIT -D'exit(a)=_exit(a)' -DALT_NO_EXIT -DALT_USE_DIRECT_DRIVERS -DALT_NO_INSTRUCTION_EMULATION -DALT_USE_SMALL_DRIVERS -DSMALL_C_LIB -DALT_SINGLE_THREADED  -DSTACK_POINTER=0x17ff0  -Os --param max-inline-insns-single=1000  -fno-partial-inlining -fno-zero-initialized-in-bss -g -Winline -Wall  -mno-hw-div -mno-hw-mul -mno-hw-mulx -mgpopt=global  -o obj/default
Error: 2023.06.21.15:45:08 Error: fpga_interfaces: 2023.06.21.15:45:08 Error: s0: make[1]: Leaving directory '/tmp/alt9529_4379772991985570745.dir/0006_s0_gen/hps_software
Error: 2023.06.21.15:45:08 Error: fpga_interfaces: 2023.06.21.15:45:08 Error: s0: WARNING: The BSP persisted OS version "9.1" is not available. The default latest BSP version will be used instead.
Error: 2023.06.21.15:45:08 Error: fpga_interfaces: 2023.06.21.15:45:08 Error: s0: WARNING: The BSP being loaded used OS version "9.1". The BSP version "20.1" will be used instead.
Error: 2023.06.21.15:45:08 Error: fpga_interfaces: 2023.06.21.15:45:08 Error: s0: arm-none-linux-gnueabihf-gcc: error: unrecognized command-line option '-mno-hw-div'
Error: 2023.06.21.15:45:08 Error: fpga_interfaces: 2023.06.21.15:45:08 Error: s0: arm-none-linux-gnueabihf-gcc: error: unrecognized command-line option '-mno-hw-mul'
Error: 2023.06.21.15:45:08 Error: fpga_interfaces: 2023.06.21.15:45:08 Error: s0: arm-none-linux-gnueabihf-gcc: error: unrecognized command-line option '-mno-hw-mulx'
Error: 2023.06.21.15:45:08 Error: fpga_interfaces: 2023.06.21.15:45:08 Error: s0: arm-none-linux-gnueabihf-gcc: error: unrecognized command-line option '-mgpopt=global'
Error: 2023.06.21.15:45:08 Error: fpga_interfaces: 2023.06.21.15:45:08 Error: s0: make[1]: *** [Makefile:727: obj/default
Error: 2023.06.21.15:45:08 Error: fpga_interfaces: 2023.06.21.15:45:08 Error: s0: make: *** [Makefile:13: elf] Error 2
Error: 2023.06.21.15:45:08 Error: fpga_interfaces: 2023.06.21.15:45:08 Error: s0: add_fileset_file: No such file /tmp/alt9529_4379772991985570745.dir/0006_s0_gen
Error: 2023.06.21.15:45:08 Error: fpga_interfaces: while executing
Error: 2023.06.21.15:45:08 Error: fpga_interfaces: "add_fileset_file $file_name [::alt_mem_if::util::hwtcl_utils::get_file_type $file_name 0] PATH $file_pathname"
Error: 2023.06.21.15:45:08 Error: fpga_interfaces: ("foreach" body line 4)
Error: 2023.06.21.15:45:08 Error: fpga_interfaces: invoked from within
Error: 2023.06.21.15:45:08 Error: fpga_interfaces: "foreach file_pathname $return_files_sw {
Error: 2023.06.21.15:45:08 Error: fpga_interfaces:         _dprint 1 "Preparing to add $file_pathname"
Error: 2023.06.21.15:45:08 Error: fpga_interfaces:         set file_name [file tail $file_pathname]
Error: 2023.06.21.15:45:08 Error: fpga_interfaces:         add_fileset_file $..."
Error: 2023.06.21.15:45:08 Error: fpga_interfaces: (procedure "generate_sw" line 18)
Error: 2023.06.21.15:45:08 Error: fpga_interfaces: invoked from within
Error: 2023.06.21.15:45:08 Error: fpga_interfaces: "generate_sw $name $fileset"
Error: 2023.06.21.15:45:08 Error: fpga_interfaces: (procedure "generate_files" line 37)
Error: 2023.06.21.15:45:08 Error: fpga_interfaces: invoked from within
Error: 2023.06.21.15:45:08 Error: fpga_interfaces: "generate_files $name SIM_VERILOG"
Error: 2023.06.21.15:45:08 Error: fpga_interfaces: (procedure "generate_verilog_sim" line 3)
Error: 2023.06.21.15:45:08 Error: fpga_interfaces: invoked from within
Error: 2023.06.21.15:45:08 Error: fpga_interfaces: "generate_verilog_sim altera_mem_if_hhp_qseq_top"
Error: 2023.06.21.15:45:08 Error: fpga_interfaces: 2023.06.21.15:45:08 Info: s0: "hps_sdram" instantiated altera_mem_if_hhp_ddr3_qseq "s0"
Error: 2023.06.21.15:45:08 Error: fpga_interfaces: 2023.06.21.15:45:08 Error: Generation stopped, 10 or more modules remaining
Error: 2023.06.21.15:45:08 Error: fpga_interfaces: 2023.06.21.15:45:08 Info: hps_sdram: Done "hps_sdram" with 16 modules, 61 files
Info: 2023.06.21.15:45:08 Info: fpga_interfaces: "hps_0" instantiated altera_interface_generator "fpga_interfaces"
Error: 2023.06.21.15:45:08 Error: Generation stopped, 102 or more modules remaining
Info: 2023.06.21.15:45:08 Info: soc_system: Done "soc_system" with 62 modules, 114 files
Error: 2023.06.21.15:45:08 Error: qsys-generate failed with exit code 1: 261 Errors, 4 Warnings
Info: 2023.06.21.15:45:08 Info: Finished: Create simulation model
Info: 2023.06.21.15:45:08 Info: Starting: Create Modelsim Project.
Info: 2023.06.21.15:45:08 Info: sim-script-gen --spd=/home/laptel/de10nano-wd/cdrom/Demonstrations/SoC_FPGA/DE10_NANO_SoC_GHRD/soc_system/soc_system.spd --output-directory=/home/laptel/de10nano-wd/cdrom/Demonstrations/SoC_FPGA/DE10_NANO_SoC_GHRD/soc_system/simulation
Info: 2023.06.21.15:45:08 Info: Doing: ip-make-simscript --spd=/home/laptel/de10nano-wd/cdrom/Demonstrations/SoC_FPGA/DE10_NANO_SoC_GHRD/soc_system/soc_system.spd --output-directory=/home/laptel/de10nano-wd/cdrom/Demonstrations/SoC_FPGA/DE10_NANO_SoC_GHRD/soc_system/simulation
Info: 2023.06.21.15:45:09 Info: Generating the following file(s) for MODELSIM simulator in /home/laptel/de10nano-wd/cdrom/Demonstrations/SoC_FPGA/DE10_NANO_SoC_GHRD/soc_system/simulation
Info: 2023.06.21.15:45:09 Info:     mentor
Info: 2023.06.21.15:45:09 Info: Generating the following file(s) for VCS simulator in /home/laptel/de10nano-wd/cdrom/Demonstrations/SoC_FPGA/DE10_NANO_SoC_GHRD/soc_system/simulation
Info: 2023.06.21.15:45:09 Info:     synopsys/vcs
Info: 2023.06.21.15:45:09 Info: Generating the following file(s) for VCSMX simulator in /home/laptel/de10nano-wd/cdrom/Demonstrations/SoC_FPGA/DE10_NANO_SoC_GHRD/soc_system/simulation
Info: 2023.06.21.15:45:09 Info:     synopsys/vcsmx
Info: 2023.06.21.15:45:09 Info:     synopsys/vcsmx
Info: 2023.06.21.15:45:09 Info: Generating the following file(s) for NCSIM simulator in /home/laptel/de10nano-wd/cdrom/Demonstrations/SoC_FPGA/DE10_NANO_SoC_GHRD/soc_system/simulation
Info: 2023.06.21.15:45:09 Info:     cadence
Info: 2023.06.21.15:45:09 Info:     cadence
Info: 2023.06.21.15:45:09 Info:     cadence
Info: 2023.06.21.15:45:09 Info:     27 .cds.lib files in cadence/cds_libs
Info: 2023.06.21.15:45:09 Info: Generating the following file(s) for RIVIERA simulator in /home/laptel/de10nano-wd/cdrom/Demonstrations/SoC_FPGA/DE10_NANO_SoC_GHRD/soc_system/simulation
Info: 2023.06.21.15:45:09 Info:     aldec
Info: 2023.06.21.15:45:09 Info: For information on how to simulate your IP, see the explanatory comments in the simulator-specific subdirectories under /home/laptel/de10nano-wd/cdrom/Demonstrations/SoC_FPGA/DE10_NANO_SoC_GHRD/soc_system/simulation
Info: 2023.06.21.15:45:09 Info: Regenerate these scripts whenever you make any change to any Quartus-generated IP in your project.
2023.06.21.15:45:09 Info: Finished: Create Modelsim Project.
Info: 2023.06.21.15:45:09 Info: Starting: Create block symbol file (.bsf)
Info: 2023.06.21.15:45:09 Info: Loading DE10_NANO_SoC_GHRD
Info: 2023.06.21.15:45:09 Info: Reading input file
Info: 2023.06.21.15:45:09 Info: Adding ILC [interrupt_latency_counter 20.1]
Info: 2023.06.21.15:45:09 Info: Parameterizing module ILC
Info: 2023.06.21.15:45:09 Info: Adding button_pio [altera_avalon_pio 20.1]
Info: 2023.06.21.15:45:09 Info: Parameterizing module button_pio
Info: 2023.06.21.15:45:09 Info: Adding clk_0 [clock_source 20.1]
Info: 2023.06.21.15:45:09 Info: Parameterizing module clk_0
Info: 2023.06.21.15:45:09 Info: Adding dipsw_pio [altera_avalon_pio 20.1]
Info: 2023.06.21.15:45:09 Info: Parameterizing module dipsw_pio
Info: 2023.06.21.15:45:09 Info: Adding f2sdram_only_master [altera_jtag_avalon_master 20.1]
Info: 2023.06.21.15:45:09 Info: Parameterizing module f2sdram_only_master
Info: 2023.06.21.15:45:09 Info: Adding fpga_only_master [altera_jtag_avalon_master 20.1]
Info: 2023.06.21.15:45:09 Info: Parameterizing module fpga_only_master
Info: 2023.06.21.15:45:09 Info: Adding hps_0 [altera_hps 20.1]
Info: 2023.06.21.15:45:09 Info: Parameterizing module hps_0
Info: 2023.06.21.15:45:09 Info: Adding hps_only_master [altera_jtag_avalon_master 20.1]
Info: 2023.06.21.15:45:09 Info: Parameterizing module hps_only_master
Info: 2023.06.21.15:45:09 Info: Adding jtag_uart [altera_avalon_jtag_uart 20.1]
Info: 2023.06.21.15:45:09 Info: Parameterizing module jtag_uart
Info: 2023.06.21.15:45:09 Info: Adding led_pio [altera_avalon_pio 20.1]
Info: 2023.06.21.15:45:09 Info: Parameterizing module led_pio
Info: 2023.06.21.15:45:09 Info: Adding mm_bridge_0 [altera_avalon_mm_bridge 20.1]
Info: 2023.06.21.15:45:09 Info: Parameterizing module mm_bridge_0
Info: 2023.06.21.15:45:09 Info: Adding sysid_qsys [altera_avalon_sysid_qsys 20.1]
Info: 2023.06.21.15:45:09 Info: Parameterizing module sysid_qsys
Info: 2023.06.21.15:45:09 Info: Building connections
Info: 2023.06.21.15:45:09 Info: Parameterizing connections
Info: 2023.06.21.15:45:09 Info: Validating
Info: 2023.06.21.15:45:13 Info: Done reading input file
Info: 2023.06.21.15:45:14 Info: soc_system.button_pio: PIO inputs are not hardwired in test bench. Undefined values will be read from PIO inputs during simulation.
Info: 2023.06.21.15:45:14 Info: soc_system.dipsw_pio: PIO inputs are not hardwired in test bench. Undefined values will be read from PIO inputs during simulation.
Info: 2023.06.21.15:45:14 Info: soc_system.hps_0: HPS Main PLL counter settings: n = 0  m = 63
Info: 2023.06.21.15:45:14 Info: soc_system.hps_0: HPS peripherial PLL counter settings: n = 0  m = 39
Info: 2023.06.21.15:45:14 Info: soc_system.jtag_uart: JTAG UART IP input clock need to be at least double (2x) the operating frequency of JTAG TCK on board
Info: 2023.06.21.15:45:14 Info: soc_system.sysid_qsys: System ID is not assigned automatically. Edit the System ID parameter to provide a unique ID
Info: 2023.06.21.15:45:14 Info: soc_system.sysid_qsys: Time stamp will be automatically updated when this component is generated.
Info: 2023.06.21.15:45:15 Info: qsys-generate succeeded.
Info: 2023.06.21.15:45:15 Info: Finished: Create block symbol file (.bsf)
Info: 2023.06.21.15:45:15 Info:
Info: 2023.06.21.15:45:15 Info: Starting: Create HDL design files for synthesis
Info: 2023.06.21.15:45:15 Info: Loading DE10_NANO_SoC_GHRD
Info: 2023.06.21.15:45:15 Info: Reading input file
Info: 2023.06.21.15:45:15 Info: Adding ILC [interrupt_latency_counter 20.1]
Info: 2023.06.21.15:45:15 Info: Parameterizing module ILC
Info: 2023.06.21.15:45:15 Info: Adding button_pio [altera_avalon_pio 20.1]
Info: 2023.06.21.15:45:15 Info: Parameterizing module button_pio
Info: 2023.06.21.15:45:15 Info: Adding clk_0 [clock_source 20.1]
Info: 2023.06.21.15:45:15 Info: Parameterizing module clk_0
Info: 2023.06.21.15:45:15 Info: Adding dipsw_pio [altera_avalon_pio 20.1]
Info: 2023.06.21.15:45:15 Info: Parameterizing module dipsw_pio
Info: 2023.06.21.15:45:15 Info: Adding f2sdram_only_master [altera_jtag_avalon_master 20.1]
Info: 2023.06.21.15:45:15 Info: Parameterizing module f2sdram_only_master
Info: 2023.06.21.15:45:15 Info: Adding fpga_only_master [altera_jtag_avalon_master 20.1]
Info: 2023.06.21.15:45:15 Info: Parameterizing module fpga_only_master
Info: 2023.06.21.15:45:15 Info: Adding hps_0 [altera_hps 20.1]
Info: 2023.06.21.15:45:15 Info: Parameterizing module hps_0
Info: 2023.06.21.15:45:15 Info: Adding hps_only_master [altera_jtag_avalon_master 20.1]
Info: 2023.06.21.15:45:15 Info: Parameterizing module hps_only_master
Info: 2023.06.21.15:45:15 Info: Adding jtag_uart [altera_avalon_jtag_uart 20.1]
Info: 2023.06.21.15:45:15 Info: Parameterizing module jtag_uart
Info: 2023.06.21.15:45:15 Info: Adding led_pio [altera_avalon_pio 20.1]
Info: 2023.06.21.15:45:15 Info: Parameterizing module led_pio
Info: 2023.06.21.15:45:15 Info: Adding mm_bridge_0 [altera_avalon_mm_bridge 20.1]
Info: 2023.06.21.15:45:15 Info: Parameterizing module mm_bridge_0
Info: 2023.06.21.15:45:15 Info: Adding sysid_qsys [altera_avalon_sysid_qsys 20.1]
Info: 2023.06.21.15:45:15 Info: Parameterizing module sysid_qsys
Info: 2023.06.21.15:45:15 Info: Building connections
Info: 2023.06.21.15:45:15 Info: Parameterizing connections
Info: 2023.06.21.15:45:15 Info: Validating
Info: 2023.06.21.15:45:18 Info: Done reading input file
Info: 2023.06.21.15:45:19 Info: soc_system.button_pio: PIO inputs are not hardwired in test bench. Undefined values will be read from PIO inputs during simulation.
Info: 2023.06.21.15:45:19 Info: soc_system.dipsw_pio: PIO inputs are not hardwired in test bench. Undefined values will be read from PIO inputs during simulation.
2023.06.21.15:45:19 Info: soc_system.hps_0: HPS Main PLL counter settings: n = 0  m = 63
Info: 2023.06.21.15:45:19 Info: soc_system.hps_0: HPS peripherial PLL counter settings: n = 0  m = 39
Info: 2023.06.21.15:45:19 Info: soc_system.jtag_uart: JTAG UART IP input clock need to be at least double (2x) the operating frequency of JTAG TCK on board
Info: 2023.06.21.15:45:19 Info: soc_system.sysid_qsys: System ID is not assigned automatically. Edit the System ID parameter to provide a unique ID
2023.06.21.15:45:19 Info: soc_system.sysid_qsys: Time stamp will be automatically updated when this component is generated.
Info: 2023.06.21.15:45:21 Info: soc_system: Generating soc_system "soc_system" for QUARTUS_SYNTH
Info: 2023.06.21.15:45:22 Info: Interconnect is inserted between master hps_0.h2f_lw_axi_master and slave mm_bridge_0.s0 because the master is of type axi and the slave is of type avalon.
Info: 2023.06.21.15:45:22 Info: Interconnect is inserted between master hps_only_master.master and slave hps_0.f2h_axi_slave because the master is of type avalon and the slave is of type axi.
Info: 2023.06.21.15:45:23 Info: Interconnect is inserted between master f2sdram_only_master.master and slave hps_0.f2h_sdram0_data because the master has address signal 32 bit wide, but the slave is 27 bit wide.
Info: 2023.06.21.15:45:23 Info: Interconnect is inserted between master f2sdram_only_master.master and slave hps_0.f2h_sdram0_data because the master has readdata signal 32 bit wide, but the slave is 256 bit wide.
2023.06.21.15:45:23 Info: Interconnect is inserted between master f2sdram_only_master.master and slave hps_0.f2h_sdram0_data because the master has writedata signal 32 bit wide, but the slave is 256 bit wide.
Info: 2023.06.21.15:45:23 Info: Interconnect is inserted between master f2sdram_only_master.master and slave hps_0.f2h_sdram0_data because the master has byteenable signal 4 bit wide, but the slave is 32 bit wide.
Warning: 2023.06.21.15:45:23 Warning: hps_0.f2h_irq0: Cannot connect clock for irq_mapper_001.sender
Warning: 2023.06.21.15:45:23 Warning: hps_0.f2h_irq0: Cannot connect reset for irq_mapper_001.sender
Warning: 2023.06.21.15:45:23 Warning: hps_0.f2h_irq1: Cannot connect clock for irq_mapper_002.sender
Warning: 2023.06.21.15:45:23 Warning: hps_0.f2h_irq1: Cannot connect reset for irq_mapper_002.sender
Info: 2023.06.21.15:45:25 Info: ILC: "soc_system" instantiated interrupt_latency_counter "ILC"
Info: 2023.06.21.15:45:25 Info: button_pio: Starting RTL generation for module 'soc_system_button_pio'
Info: 2023.06.21.15:45:25 Info: button_pio:   Generation command is [exec /home/laptel/intelFPGA_lite/20.1/quartus/linux64/perl/bin/perl -I /home/laptel/intelFPGA_lite/20.1/quartus/linux64/perl/lib -I /home/laptel/intelFPGA_lite/20.1/quartus/sopc_builder/bin/europa -I /home/laptel/intelFPGA_lite/20.1/quartus/sopc_builder/bin -I /home/laptel/intelFPGA_lite/20.1/quartus/../ip/altera/sopc_builder_ip/common -I /home/laptel/intelFPGA_lite/20.1/quartus/../ip/altera/sopc_builder_ip/altera_avalon_pio -- /home/laptel/intelFPGA_lite/20.1/quartus/../ip/altera/sopc_builder_ip/altera_avalon_pio/generate_rtl.pl --name=soc_system_button_pio --dir=/tmp/alt9529_4202806167876010096.dir/0024_button_pio_gen/ --quartus_dir=/home/laptel/intelFPGA_lite/20.1/quartus --verilog --config=/tmp/alt9529_4202806167876010096.dir/0024_button_pio_gen/
Info: 2023.06.21.15:45:25 Info: button_pio: perl: warning: Setting locale failed.
Info: 2023.06.21.15:45:25 Info: button_pio: perl: warning: Please check that your locale settings:
Info: 2023.06.21.15:45:25 Info: button_pio:     LANGUAGE = "pt_BR:pt:en",
Info: 2023.06.21.15:45:25 Info: button_pio:     LC_ALL = (unset),
Info: 2023.06.21.15:45:25 Info: button_pio:     LC_CTYPE = "en_US.UTF-8",
Info: 2023.06.21.15:45:25 Info: button_pio:     LANG = "C"
2023.06.21.15:45:25 Info: button_pio:     are supported and installed on your system.
Info: 2023.06.21.15:45:25 Info: button_pio: perl: warning: Falling back to the standard locale ("C").
Info: 2023.06.21.15:45:25 Info: button_pio: Done RTL generation for module 'soc_system_button_pio'
Info: 2023.06.21.15:45:25 Info: button_pio: "soc_system" instantiated altera_avalon_pio "button_pio"
Info: 2023.06.21.15:45:25 Info: dipsw_pio: Starting RTL generation for module 'soc_system_dipsw_pio'
Info: 2023.06.21.15:45:25 Info: dipsw_pio:   Generation command is [exec /home/laptel/intelFPGA_lite/20.1/quartus/linux64/perl/bin/perl -I /home/laptel/intelFPGA_lite/20.1/quartus/linux64/perl/lib -I /home/laptel/intelFPGA_lite/20.1/quartus/sopc_builder/bin/europa -I /home/laptel/intelFPGA_lite/20.1/quartus/sopc_builder/bin -I /home/laptel/intelFPGA_lite/20.1/quartus/../ip/altera/sopc_builder_ip/common -I /home/laptel/intelFPGA_lite/20.1/quartus/../ip/altera/sopc_builder_ip/altera_avalon_pio -- /home/laptel/intelFPGA_lite/20.1/quartus/../ip/altera/sopc_builder_ip/altera_avalon_pio/generate_rtl.pl --name=soc_system_dipsw_pio --dir=/tmp/alt9529_4202806167876010096.dir/0025_dipsw_pio_gen/ --quartus_dir=/home/laptel/intelFPGA_lite/20.1/quartus --verilog --config=/tmp/alt9529_4202806167876010096.dir/0025_dipsw_pio_gen/
Info: 2023.06.21.15:45:25 Info: dipsw_pio: perl: warning: Setting locale failed.
Info: 2023.06.21.15:45:25 Info: dipsw_pio: perl: warning: Please check that your locale settings:
2023.06.21.15:45:25 Info: dipsw_pio:     LANGUAGE = "pt_BR:pt:en",
Info: 2023.06.21.15:45:25 Info: dipsw_pio:     LC_ALL = (unset),
Info: 2023.06.21.15:45:25 Info: dipsw_pio:     LC_CTYPE = "en_US.UTF-8",
2023.06.21.15:45:25 Info: dipsw_pio:     LANG = "C"
Info: 2023.06.21.15:45:25 Info: dipsw_pio:     are supported and installed on your system.
Info: 2023.06.21.15:45:25 Info: dipsw_pio: perl: warning: Falling back to the standard locale ("C").
Info: 2023.06.21.15:45:25 Info: dipsw_pio: Done RTL generation for module 'soc_system_dipsw_pio'
Info: 2023.06.21.15:45:25 Info: dipsw_pio: "soc_system" instantiated altera_avalon_pio "dipsw_pio"
Info: 2023.06.21.15:45:25 Info: f2sdram_only_master: "soc_system" instantiated altera_jtag_avalon_master "f2sdram_only_master"
Info: 2023.06.21.15:45:25 Info: hps_0: "Running  for module: hps_0"
Info: 2023.06.21.15:45:25 Info: hps_0: HPS Main PLL counter settings: n = 0  m = 63
Info: 2023.06.21.15:45:26 Info: hps_0: HPS peripherial PLL counter settings: n = 0  m = 39
Info: 2023.06.21.15:45:26 Info: hps_0: "soc_system" instantiated altera_hps "hps_0"
Info: 2023.06.21.15:45:26 Info: jtag_uart: Starting RTL generation for module 'soc_system_jtag_uart'
Info: 2023.06.21.15:45:26 Info: jtag_uart:   Generation command is [exec /home/laptel/intelFPGA_lite/20.1/quartus/linux64/perl/bin/perl -I /home/laptel/intelFPGA_lite/20.1/quartus/linux64/perl/lib -I /home/laptel/intelFPGA_lite/20.1/quartus/sopc_builder/bin/europa -I /home/laptel/intelFPGA_lite/20.1/quartus/sopc_builder/bin -I /home/laptel/intelFPGA_lite/20.1/quartus/../ip/altera/sopc_builder_ip/common -I /home/laptel/intelFPGA_lite/20.1/quartus/../ip/altera/sopc_builder_ip/altera_avalon_jtag_uart -- /home/laptel/intelFPGA_lite/20.1/quartus/../ip/altera/sopc_builder_ip/altera_avalon_jtag_uart/generate_rtl.pl --name=soc_system_jtag_uart --dir=/tmp/alt9529_4202806167876010096.dir/0026_jtag_uart_gen/ --quartus_dir=/home/laptel/intelFPGA_lite/20.1/quartus --verilog --config=/tmp/alt9529_4202806167876010096.dir/0026_jtag_uart_gen/
Info: 2023.06.21.15:45:26 Info: jtag_uart: perl: warning: Setting locale failed.
Info: 2023.06.21.15:45:26 Info: jtag_uart: perl: warning: Please check that your locale settings:
Info: 2023.06.21.15:45:26 Info: jtag_uart:     LANGUAGE = "pt_BR:pt:en",
Info: 2023.06.21.15:45:26 Info: jtag_uart:     LC_ALL = (unset),
Info: 2023.06.21.15:45:26 Info: jtag_uart:     LC_CTYPE = "en_US.UTF-8",
Info: 2023.06.21.15:45:26 Info: jtag_uart:     LANG = "C"
Info: 2023.06.21.15:45:26 Info: jtag_uart:     are supported and installed on your system.
Info: 2023.06.21.15:45:26 Info: jtag_uart: perl: warning: Falling back to the standard locale ("C").
Info: 2023.06.21.15:45:26 Info: jtag_uart: Done RTL generation for module 'soc_system_jtag_uart'
Info: 2023.06.21.15:45:26 Info: jtag_uart: "soc_system" instantiated altera_avalon_jtag_uart "jtag_uart"
Info: 2023.06.21.15:45:26 Info: led_pio: Starting RTL generation for module 'soc_system_led_pio'
Info: 2023.06.21.15:45:26 Info: led_pio:   Generation command is [exec /home/laptel/intelFPGA_lite/20.1/quartus/linux64/perl/bin/perl -I /home/laptel/intelFPGA_lite/20.1/quartus/linux64/perl/lib -I /home/laptel/intelFPGA_lite/20.1/quartus/sopc_builder/bin/europa -I /home/laptel/intelFPGA_lite/20.1/quartus/sopc_builder/bin -I /home/laptel/intelFPGA_lite/20.1/quartus/../ip/altera/sopc_builder_ip/common -I /home/laptel/intelFPGA_lite/20.1/quartus/../ip/altera/sopc_builder_ip/altera_avalon_pio -- /home/laptel/intelFPGA_lite/20.1/quartus/../ip/altera/sopc_builder_ip/altera_avalon_pio/generate_rtl.pl --name=soc_system_led_pio --dir=/tmp/alt9529_4202806167876010096.dir/0027_led_pio_gen/ --quartus_dir=/home/laptel/intelFPGA_lite/20.1/quartus --verilog --config=/tmp/alt9529_4202806167876010096.dir/0027_led_pio_gen/
Info: 2023.06.21.15:45:26 Info: led_pio: perl: warning: Setting locale failed.
Info: 2023.06.21.15:45:26 Info: led_pio: perl: warning: Please check that your locale settings:
2023.06.21.15:45:26 Info: led_pio:     LANGUAGE = "pt_BR:pt:en",
Info: 2023.06.21.15:45:26 Info: led_pio:     LC_ALL = (unset),
Info: 2023.06.21.15:45:26 Info: led_pio:     LC_CTYPE = "en_US.UTF-8",
Info: 2023.06.21.15:45:26 Info: led_pio:     LANG = "C"
Info: 2023.06.21.15:45:26 Info: led_pio:     are supported and installed on your system.
Info: 2023.06.21.15:45:26 Info: led_pio: perl: warning: Falling back to the standard locale ("C").
Info: 2023.06.21.15:45:26 Info: led_pio: Done RTL generation for module 'soc_system_led_pio'
Info: 2023.06.21.15:45:26 Info: led_pio: "soc_system" instantiated altera_avalon_pio "led_pio"
Info: 2023.06.21.15:45:26 Info: mm_bridge_0: "soc_system" instantiated altera_avalon_mm_bridge "mm_bridge_0"
Info: 2023.06.21.15:45:26 Info: sysid_qsys: "soc_system" instantiated altera_avalon_sysid_qsys "sysid_qsys"
Info: 2023.06.21.15:45:26 Info: avalon_st_adapter: Inserting error_adapter: error_adapter_0
Info: 2023.06.21.15:45:26 Info: mm_interconnect_0: "soc_system" instantiated altera_mm_interconnect "mm_interconnect_0"
Info: 2023.06.21.15:45:27 Info: avalon_st_adapter: Inserting error_adapter: error_adapter_0
Info: 2023.06.21.15:45:27 Info: avalon_st_adapter_001: Inserting error_adapter: error_adapter_0
Info: 2023.06.21.15:45:27 Info: avalon_st_adapter_002: Inserting error_adapter: error_adapter_0
Info: 2023.06.21.15:45:27 Info: avalon_st_adapter_003: Inserting error_adapter: error_adapter_0
Info: 2023.06.21.15:45:27 Info: avalon_st_adapter_004: Inserting error_adapter: error_adapter_0
Info: 2023.06.21.15:45:27 Info: avalon_st_adapter_005: Inserting error_adapter: error_adapter_0
Info: 2023.06.21.15:45:27 Info: mm_interconnect_1: "soc_system" instantiated altera_mm_interconnect "mm_interconnect_1"
Info: 2023.06.21.15:45:27 Info: mm_interconnect_2: "soc_system" instantiated altera_mm_interconnect "mm_interconnect_2"
Info: 2023.06.21.15:45:27 Info: avalon_st_adapter: Inserting error_adapter: error_adapter_0
Info: 2023.06.21.15:45:27 Info: mm_interconnect_3: "soc_system" instantiated altera_mm_interconnect "mm_interconnect_3"
Info: 2023.06.21.15:45:27 Info: irq_mapper: "soc_system" instantiated altera_irq_mapper "irq_mapper"
Info: 2023.06.21.15:45:27 Info: irq_mapper_001: "soc_system" instantiated altera_irq_mapper "irq_mapper_001"
Info: 2023.06.21.15:45:27 Info: irq_mapper_002: "soc_system" instantiated altera_irq_mapper "irq_mapper_002"
Info: 2023.06.21.15:45:27 Info: rst_controller: "soc_system" instantiated altera_reset_controller "rst_controller"
Info: 2023.06.21.15:45:27 Info: jtag_phy_embedded_in_jtag_master: "f2sdram_only_master" instantiated altera_jtag_dc_streaming "jtag_phy_embedded_in_jtag_master"
Info: 2023.06.21.15:45:27 Info: timing_adt: "f2sdram_only_master" instantiated timing_adapter "timing_adt"
Info: 2023.06.21.15:45:27 Info: fifo: "f2sdram_only_master" instantiated altera_avalon_sc_fifo "fifo"
Info: 2023.06.21.15:45:27 Info: b2p: "f2sdram_only_master" instantiated altera_avalon_st_bytes_to_packets "b2p"
Info: 2023.06.21.15:45:27 Info: p2b: "f2sdram_only_master" instantiated altera_avalon_st_packets_to_bytes "p2b"
Info: 2023.06.21.15:45:27 Info: transacto: "f2sdram_only_master" instantiated altera_avalon_packets_to_master "transacto"
Info: 2023.06.21.15:45:27 Info: b2p_adapter: "f2sdram_only_master" instantiated channel_adapter "b2p_adapter"
Info: 2023.06.21.15:45:27 Info: p2b_adapter: "f2sdram_only_master" instantiated channel_adapter "p2b_adapter"
Info: 2023.06.21.15:45:27 Info: fpga_interfaces: "hps_0" instantiated altera_interface_generator "fpga_interfaces"
Info: 2023.06.21.15:45:27 Info: hps_io: "hps_0" instantiated altera_hps_io "hps_io"
Info: 2023.06.21.15:45:27 Info: mm_bridge_0_s0_translator: "mm_interconnect_0" instantiated altera_merlin_slave_translator "mm_bridge_0_s0_translator"
Info: 2023.06.21.15:45:27 Info: hps_0_h2f_lw_axi_master_agent: "mm_interconnect_0" instantiated altera_merlin_axi_master_ni "hps_0_h2f_lw_axi_master_agent"
Info: 2023.06.21.15:45:27 Info: mm_bridge_0_s0_agent: "mm_interconnect_0" instantiated altera_merlin_slave_agent "mm_bridge_0_s0_agent"
Info: 2023.06.21.15:45:27 Info: router: "mm_interconnect_0" instantiated altera_merlin_router "router"
Info: 2023.06.21.15:45:27 Info: router_002: "mm_interconnect_0" instantiated altera_merlin_router "router_002"
Info: 2023.06.21.15:45:27 Info: mm_bridge_0_s0_burst_adapter: "mm_interconnect_0" instantiated altera_merlin_burst_adapter "mm_bridge_0_s0_burst_adapter"
Info: 2023.06.21.15:45:27 Info: Reusing file /home/laptel/de10nano-wd/cdrom/Demonstrations/SoC_FPGA/DE10_NANO_SoC_GHRD/soc_system/synthesis/submodules
Info: 2023.06.21.15:45:27 Info: Reusing file /home/laptel/de10nano-wd/cdrom/Demonstrations/SoC_FPGA/DE10_NANO_SoC_GHRD/soc_system/synthesis/submodules
Info: 2023.06.21.15:45:27 Info: Reusing file /home/laptel/de10nano-wd/cdrom/Demonstrations/SoC_FPGA/DE10_NANO_SoC_GHRD/soc_system/synthesis/submodules
Info: 2023.06.21.15:45:27 Info: cmd_demux: "mm_interconnect_0" instantiated altera_merlin_demultiplexer "cmd_demux"
Info: 2023.06.21.15:45:28 Info: cmd_mux: "mm_interconnect_0" instantiated altera_merlin_multiplexer "cmd_mux"
Info: 2023.06.21.15:45:28 Info: rsp_demux: "mm_interconnect_0" instantiated altera_merlin_demultiplexer "rsp_demux"
Info: 2023.06.21.15:45:28 Info: rsp_mux: "mm_interconnect_0" instantiated altera_merlin_multiplexer "rsp_mux"
Info: 2023.06.21.15:45:28 Info: Reusing file /home/laptel/de10nano-wd/cdrom/Demonstrations/SoC_FPGA/DE10_NANO_SoC_GHRD/soc_system/synthesis/submodules
Info: 2023.06.21.15:45:28 Info: avalon_st_adapter: "mm_interconnect_0" instantiated altera_avalon_st_adapter "avalon_st_adapter"
Info: 2023.06.21.15:45:28 Info: mm_bridge_0_m0_translator: "mm_interconnect_1" instantiated altera_merlin_master_translator "mm_bridge_0_m0_translator"
Info: 2023.06.21.15:45:28 Info: mm_bridge_0_m0_agent: "mm_interconnect_1" instantiated altera_merlin_master_agent "mm_bridge_0_m0_agent"
Info: 2023.06.21.15:45:28 Info: router: "mm_interconnect_1" instantiated altera_merlin_router "router"
Info: 2023.06.21.15:45:28 Info: router_002: "mm_interconnect_1" instantiated altera_merlin_router "router_002"
Info: 2023.06.21.15:45:28 Info: mm_bridge_0_m0_limiter: "mm_interconnect_1" instantiated altera_merlin_traffic_limiter "mm_bridge_0_m0_limiter"
Info: 2023.06.21.15:45:28 Info: Reusing file /home/laptel/de10nano-wd/cdrom/Demonstrations/SoC_FPGA/DE10_NANO_SoC_GHRD/soc_system/synthesis/submodules
Info: 2023.06.21.15:45:28 Info: Reusing file /home/laptel/de10nano-wd/cdrom/Demonstrations/SoC_FPGA/DE10_NANO_SoC_GHRD/soc_system/synthesis/submodules
Info: 2023.06.21.15:45:28 Info: cmd_demux: "mm_interconnect_1" instantiated altera_merlin_demultiplexer "cmd_demux"
Info: 2023.06.21.15:45:28 Info: cmd_mux: "mm_interconnect_1" instantiated altera_merlin_multiplexer "cmd_mux"
Info: 2023.06.21.15:45:28 Info: Reusing file /home/laptel/de10nano-wd/cdrom/Demonstrations/SoC_FPGA/DE10_NANO_SoC_GHRD/soc_system/synthesis/submodules
Info: 2023.06.21.15:45:28 Info: rsp_demux: "mm_interconnect_1" instantiated altera_merlin_demultiplexer "rsp_demux"
Info: 2023.06.21.15:45:28 Info: rsp_mux: "mm_interconnect_1" instantiated altera_merlin_multiplexer "rsp_mux"
Info: 2023.06.21.15:45:28 Info: Reusing file /home/laptel/de10nano-wd/cdrom/Demonstrations/SoC_FPGA/DE10_NANO_SoC_GHRD/soc_system/synthesis/submodules
Info: 2023.06.21.15:45:28 Info: hps_0_f2h_axi_slave_agent: "mm_interconnect_2" instantiated altera_merlin_axi_slave_ni "hps_0_f2h_axi_slave_agent"
Info: 2023.06.21.15:45:28 Info: Reusing file /home/laptel/de10nano-wd/cdrom/Demonstrations/SoC_FPGA/DE10_NANO_SoC_GHRD/soc_system/synthesis/submodules
Info: 2023.06.21.15:45:28 Info: Reusing file /home/laptel/de10nano-wd/cdrom/Demonstrations/SoC_FPGA/DE10_NANO_SoC_GHRD/soc_system/synthesis/submodules
Info: 2023.06.21.15:45:28 Info: Reusing file /home/laptel/de10nano-wd/cdrom/Demonstrations/SoC_FPGA/DE10_NANO_SoC_GHRD/soc_system/synthesis/submodules
Info: 2023.06.21.15:45:28 Info: router: "mm_interconnect_2" instantiated altera_merlin_router "router"
Info: 2023.06.21.15:45:28 Info: router_001: "mm_interconnect_2" instantiated altera_merlin_router "router_001"
Info: 2023.06.21.15:45:28 Info: cmd_demux: "mm_interconnect_2" instantiated altera_merlin_demultiplexer "cmd_demux"
Info: 2023.06.21.15:45:28 Info: cmd_mux: "mm_interconnect_2" instantiated altera_merlin_multiplexer "cmd_mux"
Info: 2023.06.21.15:45:28 Info: Reusing file /home/laptel/de10nano-wd/cdrom/Demonstrations/SoC_FPGA/DE10_NANO_SoC_GHRD/soc_system/synthesis/submodules
Info: 2023.06.21.15:45:28 Info: rsp_demux: "mm_interconnect_2" instantiated altera_merlin_demultiplexer "rsp_demux"
Info: 2023.06.21.15:45:28 Info: rsp_mux: "mm_interconnect_2" instantiated altera_merlin_multiplexer "rsp_mux"
Info: 2023.06.21.15:45:28 Info: Reusing file /home/laptel/de10nano-wd/cdrom/Demonstrations/SoC_FPGA/DE10_NANO_SoC_GHRD/soc_system/synthesis/submodules
Info: 2023.06.21.15:45:28 Info: hps_0_f2h_axi_slave_wr_cmd_width_adapter: "mm_interconnect_2" instantiated altera_merlin_width_adapter "hps_0_f2h_axi_slave_wr_cmd_width_adapter"
Info: 2023.06.21.15:45:28 Info: Reusing file /home/laptel/de10nano-wd/cdrom/Demonstrations/SoC_FPGA/DE10_NANO_SoC_GHRD/soc_system/synthesis/submodules
Info: 2023.06.21.15:45:28 Info: Reusing file /home/laptel/de10nano-wd/cdrom/Demonstrations/SoC_FPGA/DE10_NANO_SoC_GHRD/soc_system/synthesis/submodules
Info: 2023.06.21.15:45:28 Info: router: "mm_interconnect_3" instantiated altera_merlin_router "router"
Info: 2023.06.21.15:45:28 Info: router_001: "mm_interconnect_3" instantiated altera_merlin_router "router_001"
Info: 2023.06.21.15:45:28 Info: cmd_demux: "mm_interconnect_3" instantiated altera_merlin_demultiplexer "cmd_demux"
Info: 2023.06.21.15:45:28 Info: cmd_mux: "mm_interconnect_3" instantiated altera_merlin_multiplexer "cmd_mux"
Info: 2023.06.21.15:45:28 Info: Reusing file /home/laptel/de10nano-wd/cdrom/Demonstrations/SoC_FPGA/DE10_NANO_SoC_GHRD/soc_system/synthesis/submodules
Info: 2023.06.21.15:45:28 Info: rsp_mux: "mm_interconnect_3" instantiated altera_merlin_multiplexer "rsp_mux"
Info: 2023.06.21.15:45:28 Info: Reusing file /home/laptel/de10nano-wd/cdrom/Demonstrations/SoC_FPGA/DE10_NANO_SoC_GHRD/soc_system/synthesis/submodules
Info: 2023.06.21.15:45:28 Info: avalon_st_adapter: "mm_interconnect_3" instantiated altera_avalon_st_adapter "avalon_st_adapter"
Info: 2023.06.21.15:45:44 Info: border: "hps_io" instantiated altera_interface_generator "border"
Info: 2023.06.21.15:45:44 Info: error_adapter_0: "avalon_st_adapter" instantiated error_adapter "error_adapter_0"
Info: 2023.06.21.15:45:44 Info: error_adapter_0: "avalon_st_adapter" instantiated error_adapter "error_adapter_0"
Info: 2023.06.21.15:45:44 Info: soc_system: Done "soc_system" with 65 modules, 133 files
Info: 2023.06.21.15:45:45 Info: qsys-generate succeeded.
Info: 2023.06.21.15:45:45 Info: Finished: Create HDL design files for synthesis
Info (11904): Restoring file "soc_system.BAK.qsys" to "soc_system.qsys"
Error (14923): Error upgrading Platform Designer file "soc_system.qsys"
Info (11902): Backing up file "ip/altsource_probe/hps_reset.v" to "ip/altsource_probe/hps_reset.BAK.v"
Info (11837): Started upgrading IP component In-System Sources and Probes with file "ip/altsource_probe/hps_reset.v"
Error (11890): Unable to automatically upgrade Platform Designer component. Please manually upgrade "soc_system.qsys" in Platform Designer
Info (11131): Completed upgrading IP component In-System Sources and Probes with file "ip/altsource_probe/hps_reset.v"
Error (23031): Evaluation of Tcl script /home/laptel/intelFPGA_lite/20.1/quartus/common/tcl/internal/ip_regen/ip_regen.tcl unsuccessful
Error: Quartus Prime Shell was unsuccessful. 257 errors, 16 warnings
    Error: Peak virtual memory: 601 megabytes
    Error: Processing ended: Wed Jun 21 15:45:54 2023
    Error: Elapsed time: 00:01:52
    Error: Total CPU time (on all processors): 00:03:42


